\BOOKMARK [0][-]{chapter*.1}{Acknowledgements}{}% 1
\BOOKMARK [0][-]{chapter*.1}{Abstract}{}% 2
\BOOKMARK [0][-]{chapter*.2}{Contents}{}% 3
\BOOKMARK [0][-]{chapter*.3}{List of Tables}{}% 4
\BOOKMARK [0][-]{chapter*.4}{List of Figures}{}% 5
\BOOKMARK [0][-]{chapter.1}{Introduction}{}% 6
\BOOKMARK [0][-]{chapter.2}{Jespersen's Cycles}{}% 7
\BOOKMARK [1][-]{section.2.1}{The formal cycle}{chapter.2}% 8
\BOOKMARK [1][-]{section.2.2}{The functional cycle}{chapter.2}% 9
\BOOKMARK [1][-]{section.2.3}{Causes of the cycles}{chapter.2}% 10
\BOOKMARK [2][-]{subsection.2.3.1}{A pull-chain scenario}{section.2.3}% 11
\BOOKMARK [2][-]{subsection.2.3.2}{A push-chain scenario}{section.2.3}% 12
\BOOKMARK [1][-]{section.2.4}{Explaining the cycles}{chapter.2}% 13
\BOOKMARK [-1][-]{part.1}{I The Functional Cycle}{}% 14
\BOOKMARK [0][-]{chapter.3}{Evolutionary Game Theory}{part.1}% 15
\BOOKMARK [1][-]{section.3.1}{The role of rationality}{chapter.3}% 16
\BOOKMARK [1][-]{section.3.2}{A typology of games}{chapter.3}% 17
\BOOKMARK [1][-]{section.3.3}{Equilibria as solution concepts}{chapter.3}% 18
\BOOKMARK [2][-]{subsection.3.3.1}{Nash Equilbria}{section.3.3}% 19
\BOOKMARK [2][-]{subsection.3.3.2}{Evolutionarily Stable Strategies}{section.3.3}% 20
\BOOKMARK [1][-]{section.3.4}{Evolutionary game dynamics}{chapter.3}% 21
\BOOKMARK [1][-]{section.3.5}{Signaling games}{chapter.3}% 22
\BOOKMARK [1][-]{section.3.6}{The behavioral dynamics of signaling}{chapter.3}% 23
\BOOKMARK [2][-]{subsection.3.6.1}{The simplest signaling game}{section.3.6}% 24
\BOOKMARK [2][-]{subsection.3.6.2}{Signaling under common interests}{section.3.6}% 25
\BOOKMARK [2][-]{subsection.3.6.3}{Signaling under conflicting interests}{section.3.6}% 26
\BOOKMARK [0][-]{chapter.4}{Cycles}{part.1}% 27
\BOOKMARK [1][-]{section.4.1}{Emphasis as activation}{chapter.4}% 28
\BOOKMARK [1][-]{section.4.2}{Experimental evidence regarding activation}{chapter.4}% 29
\BOOKMARK [1][-]{section.4.3}{A signaling game model of emphasis}{chapter.4}% 30
\BOOKMARK [1][-]{section.4.4}{Equilibria of the signaling game}{chapter.4}% 31
\BOOKMARK [1][-]{section.4.5}{The dynamics of the signaling game}{chapter.4}% 32
\BOOKMARK [1][-]{section.4.6}{Modeling the functional cycle}{chapter.4}% 33
\BOOKMARK [-1][-]{part.2}{II The Formal Cycle}{}% 34
\BOOKMARK [0][-]{chapter.5}{Stability}{part.2}% 35
\BOOKMARK [1][-]{section.5.1}{A model of acquisition}{chapter.5}% 36
\BOOKMARK [1][-]{section.5.2}{The dynamics of acquisition}{chapter.5}% 37
\BOOKMARK [1][-]{section.5.3}{The syntactic structures of the formal cycle}{chapter.5}% 38
\BOOKMARK [1][-]{section.5.4}{Modeling the formal cycle}{chapter.5}% 39
\BOOKMARK [0][-]{chapter.6}{Chance}{part.2}% 40
\BOOKMARK [1][-]{section.6.1}{Genetic drift}{chapter.6}% 41
\BOOKMARK [1][-]{section.6.2}{The dynamics of drift}{chapter.6}% 42
\BOOKMARK [1][-]{section.6.3}{Modeling the formal cycle}{chapter.6}% 43
\BOOKMARK [0][-]{chapter.7}{Conclusion}{part.2}% 44
\BOOKMARK [0][-]{appendix.A}{Equilibrium analysis}{part.2}% 45
\BOOKMARK [0][-]{appendix.B}{Dynamic analysis}{part.2}% 46
\BOOKMARK [0][-]{appendix.C}{Acquisition analysis}{part.2}% 47
\BOOKMARK [0][-]{appendix.D}{Drift analysis}{part.2}% 48
\BOOKMARK [0][-]{appendix*.10}{Bibliography}{part.2}% 49
