This is pdfTeX, Version 3.14159265-2.6-1.40.16 (TeX Live 2015) (preloaded format=pdflatex 2015.5.24)  13 JAN 2016 11:32
entering extended mode
 restricted \write18 enabled.
 file:line:error style messages enabled.
 %&-line parsing enabled.
**diss.tex
(./diss.tex
LaTeX2e <2015/01/01>
Babel <3.9l> and hyphenation patterns for 79 languages loaded.
(./upenndiss.cls
Document Class: upenndiss 2000/5/24 U. Penn Dissertation Class for LaTeX2e
(/usr/local/texlive/2015/texmf-dist/tex/latex/base/report.cls
Document Class: report 2014/09/29 v1.4h Standard LaTeX document class
(/usr/local/texlive/2015/texmf-dist/tex/latex/base/size12.clo
File: size12.clo 2014/09/29 v1.4h Standard LaTeX file (size option)
)
\c@part=\count79
\c@chapter=\count80
\c@section=\count81
\c@subsection=\count82
\c@subsubsection=\count83
\c@paragraph=\count84
\c@subparagraph=\count85
\c@figure=\count86
\c@table=\count87
\abovecaptionskip=\skip41
\belowcaptionskip=\skip42
\bibindent=\dimen102
)
(/usr/local/texlive/2015/texmf-dist/tex/latex/setspace/setspace.sty
Package: setspace 2011/12/19 v6.7a set line spacing
))
(/usr/local/texlive/2015/texmf-dist/tex/latex/natbib/natbib.sty
Package: natbib 2010/09/13 8.31b (PWD, AO)
\bibhang=\skip43
\bibsep=\skip44
LaTeX Info: Redefining \cite on input line 694.
\c@NAT@ctr=\count88
)
(/usr/local/texlive/2015/texmf-dist/tex/latex/booktabs/booktabs.sty
Package: booktabs 2005/04/14 v1.61803 publication quality tables
\heavyrulewidth=\dimen103
\lightrulewidth=\dimen104
\cmidrulewidth=\dimen105
\belowrulesep=\dimen106
\belowbottomsep=\dimen107
\aboverulesep=\dimen108
\abovetopsep=\dimen109
\cmidrulesep=\dimen110
\cmidrulekern=\dimen111
\defaultaddspace=\dimen112
\@cmidla=\count89
\@cmidlb=\count90
\@aboverulesep=\dimen113
\@belowrulesep=\dimen114
\@thisruleclass=\count91
\@lastruleclass=\count92
\@thisrulewidth=\dimen115
)
(/usr/local/texlive/2015/texmf-dist/tex/latex/graphics/graphicx.sty
Package: graphicx 2014/10/28 v1.0g Enhanced LaTeX Graphics (DPC,SPQR)

(/usr/local/texlive/2015/texmf-dist/tex/latex/graphics/keyval.sty
Package: keyval 2014/10/28 v1.15 key=value parser (DPC)
\KV@toks@=\toks14
)
(/usr/local/texlive/2015/texmf-dist/tex/latex/graphics/graphics.sty
Package: graphics 2014/10/28 v1.0p Standard LaTeX Graphics (DPC,SPQR)

(/usr/local/texlive/2015/texmf-dist/tex/latex/graphics/trig.sty
Package: trig 1999/03/16 v1.09 sin cos tan (DPC)
)
(/usr/local/texlive/2015/texmf-dist/tex/latex/latexconfig/graphics.cfg
File: graphics.cfg 2010/04/23 v1.9 graphics configuration of TeX Live
)
Package graphics Info: Driver file: pdftex.def on input line 94.

(/usr/local/texlive/2015/texmf-dist/tex/latex/pdftex-def/pdftex.def
File: pdftex.def 2011/05/27 v0.06d Graphics/color for pdfTeX

(/usr/local/texlive/texmf-local/tex/generic/oberdiek/infwarerr.sty
Package: infwarerr 2010/04/08 v1.3 Providing info/warning/error messages (HO)
)
(/usr/local/texlive/texmf-local/tex/generic/oberdiek/ltxcmds.sty
Package: ltxcmds 2011/11/09 v1.22 LaTeX kernel commands for general use (HO)
)
\Gread@gobject=\count93
))
\Gin@req@height=\dimen116
\Gin@req@width=\dimen117
)
(/usr/local/texlive/2015/texmf-dist/tex/latex/floatrow/floatrow.sty
Package: floatrow 2008/08/02 v0.3b floatrow: float package extension

(/usr/local/texlive/2015/texmf-dist/tex/latex/caption/caption3.sty
Package: caption3 2013/05/02 v1.6-88 caption3 kernel (AR)
Package caption3 Info: TeX engine: e-TeX on input line 57.
\captionmargin=\dimen118
\captionmargin@=\dimen119
\captionwidth=\dimen120
\caption@tempdima=\dimen121
\caption@indent=\dimen122
\caption@parindent=\dimen123
\caption@hangindent=\dimen124
)
\c@float@type=\count94
\float@exts=\toks15
\float@box=\box26
\@floatcapt=\box27
Package floatrow Info: Modified float package code loaded on input line 455.
Package floatrow Info: Modified rotfloat package code loaded on input line 473.

\FR@everyfloat=\toks16
\flrow@foot=\insert233
\FB@wd=\dimen125
\FBo@wd=\dimen126
\FBc@wd=\dimen127
\FBo@ht=\skip45
\FBc@ht=\skip46
\FBf@ht=\skip47
\FBo@max=\skip48
\FBc@max=\skip49
\FBf@max=\skip50
\c@FBl@b=\count95
\floatbox@depth=\count96
\c@FRobj=\count97
\c@FRsobj=\count98
\Xhsize=\skip51
\sXhsize=\skip52
\Zhsize=\skip53
\sZhsize=\skip54
\flrow@rowbox=\box28
\FR@Zunitlength=\dimen128
\c@FBcnt=\count99
\FPOScnt=\count100
\LTleft=\skip55
\LTright=\skip56
\LTleft=\skip57
\LTright=\skip58
\flrow@types=\toks17
)
(/usr/local/texlive/2015/texmf-dist/tex/latex/multirow/multirow.sty
\bigstrutjot=\dimen129
)
(/usr/local/texlive/2015/texmf-dist/tex/latex/enumitem/enumitem.sty
Package: enumitem 2011/09/28 v3.5.2 Customized lists
\labelindent=\skip59
\enit@outerparindent=\dimen130
\enit@toks=\toks18
\enit@inbox=\box29
\enitdp@description=\count101
)
(/usr/local/texlive/2015/texmf-dist/tex/latex/sectsty/sectsty.sty
Package: sectsty 2002/02/25 v2.0.2 Commands to change all sectional heading sty
les
)
(/usr/local/texlive/2015/texmf-dist/tex/latex/subfigure/subfigure.sty
Package: subfigure 2002/03/15 v2.1.5 subfigure package
\subfigtopskip=\skip60
\subfigcapskip=\skip61
\subfigcaptopadj=\dimen131
\subfigbottomskip=\skip62
\subfigcapmargin=\dimen132
\subfiglabelskip=\skip63
\c@subfigure=\count102
\c@lofdepth=\count103
\c@subtable=\count104
\c@lotdepth=\count105

****************************************
* Local config file subfigure.cfg used *
****************************************
(/usr/local/texlive/2015/texmf-dist/tex/latex/subfigure/subfigure.cfg)
\subfig@top=\skip64
\subfig@bottom=\skip65
)
(/usr/local/texlive/2015/texmf-dist/tex/latex/geometry/geometry.sty
Package: geometry 2010/09/12 v5.6 Page Geometry

(/usr/local/texlive/texmf-local/tex/generic/oberdiek/ifpdf.sty
Package: ifpdf 2011/01/30 v2.3 Provides the ifpdf switch (HO)
Package ifpdf Info: pdfTeX in PDF mode is detected.
)
(/usr/local/texlive/texmf-local/tex/generic/oberdiek/ifvtex.sty
Package: ifvtex 2010/03/01 v1.5 Detect VTeX and its facilities (HO)
Package ifvtex Info: VTeX not detected.
)
(/usr/local/texlive/2015/texmf-dist/tex/generic/ifxetex/ifxetex.sty
Package: ifxetex 2010/09/12 v0.6 Provides ifxetex conditional
)
\Gm@cnth=\count106
\Gm@cntv=\count107
\c@Gm@tempcnt=\count108
\Gm@bindingoffset=\dimen133
\Gm@wd@mp=\dimen134
\Gm@odd@mp=\dimen135
\Gm@even@mp=\dimen136
\Gm@layoutwidth=\dimen137
\Gm@layoutheight=\dimen138
\Gm@layouthoffset=\dimen139
\Gm@layoutvoffset=\dimen140
\Gm@dimlist=\toks19
)
(/usr/local/texlive/2015/texmf-dist/tex/latex/psnfss/times.sty
Package: times 2005/04/12 PSNFSS-v9.2a (SPQR) 
)
(/usr/local/texlive/2015/texmf-dist/tex/latex/amsmath/amsmath.sty
Package: amsmath 2013/01/14 v2.14 AMS math features
\@mathmargin=\skip66

For additional information on amsmath, use the `?' option.
(/usr/local/texlive/2015/texmf-dist/tex/latex/amsmath/amstext.sty
Package: amstext 2000/06/29 v2.01

(/usr/local/texlive/2015/texmf-dist/tex/latex/amsmath/amsgen.sty
File: amsgen.sty 1999/11/30 v2.0
\@emptytoks=\toks20
\ex@=\dimen141
))
(/usr/local/texlive/2015/texmf-dist/tex/latex/amsmath/amsbsy.sty
Package: amsbsy 1999/11/29 v1.2d
\pmbraise@=\dimen142
)
(/usr/local/texlive/2015/texmf-dist/tex/latex/amsmath/amsopn.sty
Package: amsopn 1999/12/14 v2.01 operator names
)
\inf@bad=\count109
LaTeX Info: Redefining \frac on input line 210.
\uproot@=\count110
\leftroot@=\count111
LaTeX Info: Redefining \overline on input line 306.
\classnum@=\count112
\DOTSCASE@=\count113
LaTeX Info: Redefining \ldots on input line 378.
LaTeX Info: Redefining \dots on input line 381.
LaTeX Info: Redefining \cdots on input line 466.
\Mathstrutbox@=\box30
\strutbox@=\box31
\big@size=\dimen143
LaTeX Font Info:    Redeclaring font encoding OML on input line 566.
LaTeX Font Info:    Redeclaring font encoding OMS on input line 567.
\macc@depth=\count114
\c@MaxMatrixCols=\count115
\dotsspace@=\muskip10
\c@parentequation=\count116
\dspbrk@lvl=\count117
\tag@help=\toks21
\row@=\count118
\column@=\count119
\maxfields@=\count120
\andhelp@=\toks22
\eqnshift@=\dimen144
\alignsep@=\dimen145
\tagshift@=\dimen146
\tagwidth@=\dimen147
\totwidth@=\dimen148
\lineht@=\dimen149
\@envbody=\toks23
\multlinegap=\skip67
\multlinetaggap=\skip68
\mathdisplay@stack=\toks24
LaTeX Info: Redefining \[ on input line 2665.
LaTeX Info: Redefining \] on input line 2666.
)
(/usr/local/texlive/2015/texmf-dist/tex/latex/amscls/amsthm.sty
Package: amsthm 2015/03/04 v2.20.2
\thm@style=\toks25
\thm@bodyfont=\toks26
\thm@headfont=\toks27
\thm@notefont=\toks28
\thm@headpunct=\toks29
\thm@preskip=\skip69
\thm@postskip=\skip70
\thm@headsep=\skip71
\dth@everypar=\toks30
)
(/usr/local/texlive/2015/texmf-dist/tex/latex/amsfonts/amsfonts.sty
Package: amsfonts 2013/01/14 v3.01 Basic AMSFonts support
\symAMSa=\mathgroup4
\symAMSb=\mathgroup5
LaTeX Font Info:    Overwriting math alphabet `\mathfrak' in version `bold'
(Font)                  U/euf/m/n --> U/euf/b/n on input line 106.
)
(/usr/local/texlive/2015/texmf-dist/tex/latex/amsfonts/amssymb.sty
Package: amssymb 2013/01/14 v3.01 AMS font symbols
)
\c@definition=\count121

(/usr/local/texlive/2015/texmf-dist/tex/latex/linguex/linguex.sty
Package: linguex 2013/05/28 Example formatting for linguistics v. 4.3

(/usr/local/texlive/2015/texmf-dist/tex/latex/tools/xspace.sty
Package: xspace 2014/10/28 v1.13 Space after command names (DPC,MH)
)
(/usr/local/texlive/2015/texmf-dist/tex/latex/gb4e/cgloss4e.sty
\lineone=\box32
\linetwo=\box33
\linethree=\box34
\wordone=\box35
\wordtwo=\box36
\wordthree=\box37
\gline=\box38
\glossglue=\skip72
)
\c@ExNo=\count122
\c@SubExNo=\count123
\c@SubSubExNo=\count124
\c@FnExNo=\count125
\c@ABC=\count126
\currentlabel=\skip73
\lessthanten=\skip74
\lessthanhundred=\skip75
\lessthanthousand=\skip76
\@Exleftmargin=\skip77
\Exlabelwidth=\skip78
\Extopsep=\skip79
\Exindent=\skip80
\SubExleftmargin=\skip81
\SubSubExleftmargin=\skip82
\Exlabelsep=\skip83
\alignSubExnegindent=\skip84
\Exredux=\skip85
\digitwidth=\skip86
\mindigitwidth=\skip87
\c@ExDepth=\count127
\c@TempExDepth=\count128
\CollectTokens=\toks31
LaTeX Info: Redefining \b on input line 307.
LaTeX Info: Redefining \c on input line 311.
LaTeX Info: Redefining \d on input line 313.
\c@tmpaEx=\count129
)
(/usr/local/texlive/2015/texmf-dist/tex/latex/betababel/betababel.sty
Package: betababel 2005/07/10 v0.5 betababel.sty Beta Code for Babel package

(/usr/local/texlive/2015/texmf-dist/tex/generic/babel/babel.sty
Package: babel 2014/09/25 3.9l The Babel package

(/usr/local/texlive/2015/texmf-dist/tex/generic/babel-greek/greek.ldf
Language: greek 2014/10/21 v1.9c Greek support for the babel system

(/usr/local/texlive/2015/texmf-dist/tex/generic/babel/babel.def
File: babel.def 2014/09/25 3.9l Babel common definitions
\babel@savecnt=\count130
\U@D=\dimen150
)
\bbl@monogreek=\count131
\bbl@polygreek=\count132
\bbl@ancientgreek=\count133

(/usr/local/texlive/2015/texmf-dist/tex/latex/greek-fontenc/lgrenc.def
File: lgrenc.def 2013/12/02 v0.11.2 LGR Greek font encoding definitions

(/usr/local/texlive/2015/texmf-dist/tex/latex/greek-fontenc/greek-fontenc.def
File: greek-fontenc.def 2014/12/12 v0.12 Common Greek font encoding definitions

))) (/usr/local/texlive/2015/texmf-dist/tex/generic/babel-english/english.ldf
Language: english 2012/08/20 v3.3p English support from the babel system
\l@canadian = a dialect from \language\l@american 
\l@australian = a dialect from \language\l@british 
\l@newzealand = a dialect from \language\l@british 
))
(/usr/local/texlive/2015/texmf-dist/tex/latex/teubner/teubner.sty
Package: teubner 2015/01/18 v.4.5a Extensions for Greek philology

(/usr/local/texlive/2015/texmf-dist/tex/generic/iftex/iftex.sty
Package: iftex 2013/04/04 v0.2 Provides if(tex) conditional for PDFTeX, XeTeX, 
and LuaTeX
)
(/usr/local/texlive/2015/texmf-dist/tex/latex/base/ifthen.sty
Package: ifthen 2014/09/29 v1.1c Standard LaTeX ifthen package (DPC)
)
(/usr/local/texlive/2015/texmf-dist/tex/latex/base/exscale.sty
Package: exscale 2014/09/29 v2.1h Standard LaTeX package exscale
LaTeX Font Info:    Redeclaring symbol font `largesymbols' on input line 57.
LaTeX Font Info:    Overwriting symbol font `largesymbols' in version `normal'
(Font)                  OMX/cmex/m/n --> OMX/cmex/m/n on input line 57.
LaTeX Font Info:    Overwriting symbol font `largesymbols' in version `bold'
(Font)                  OMX/cmex/m/n --> OMX/cmex/m/n on input line 57.
\big@size=\dimen151
)
LaTeX Info: Redefining \textlatin on input line 196.
LaTeX Info: Redefining \cap on input line 267.
LaTeX Info: Redefining \: on input line 715.
LaTeX Info: Redefining \; on input line 716.
LaTeX Info: Redefining \| on input line 726.
LaTeX Info: Redefining \star on input line 900.
\c@verso=\count134
\c@subverso=\count135
\versoskip=\skip88
LaTeX Info: Redefining \breve on input line 1116.
\br@cedmetrics=\skip89

(/usr/local/texlive/2015/texmf-dist/tex/latex/tools/trace.sty
Package: trace 2014/10/28 v1.1d trace LaTeX code
)
LaTeX Info: Redefining \Greeknumeral on input line 1203.
LaTeX Info: Redefining \greeknumeral on input line 1206.
)
\betaskip=\skip90
\suffix@=\count136
\Bet@Mode=\count137
\FirstP@r=\count138
\FirstWord@=\count139
\Ch@rCode=\count140
)
(/usr/local/texlive/2015/texmf-dist/tex/latex/tikz-qtree/tikz-qtree.sty
(/usr/local/texlive/2015/texmf-dist/tex/latex/pgf/frontendlayer/tikz.sty
(/usr/local/texlive/2015/texmf-dist/tex/latex/pgf/basiclayer/pgf.sty
(/usr/local/texlive/2015/texmf-dist/tex/latex/pgf/utilities/pgfrcs.sty
(/usr/local/texlive/2015/texmf-dist/tex/generic/pgf/utilities/pgfutil-common.te
x
\pgfutil@everybye=\toks32
\pgfutil@tempdima=\dimen152
\pgfutil@tempdimb=\dimen153

(/usr/local/texlive/2015/texmf-dist/tex/generic/pgf/utilities/pgfutil-common-li
sts.tex))
(/usr/local/texlive/2015/texmf-dist/tex/generic/pgf/utilities/pgfutil-latex.def
\pgfutil@abb=\box39
(/usr/local/texlive/2015/texmf-dist/tex/latex/ms/everyshi.sty
Package: everyshi 2001/05/15 v3.00 EveryShipout Package (MS)
))
(/usr/local/texlive/2015/texmf-dist/tex/generic/pgf/utilities/pgfrcs.code.tex
Package: pgfrcs 2013/12/20 v3.0.0 (rcs-revision 1.28)
))
Package: pgf 2013/12/18 v3.0.0 (rcs-revision 1.14)
(/usr/local/texlive/2015/texmf-dist/tex/latex/pgf/basiclayer/pgfcore.sty
(/usr/local/texlive/2015/texmf-dist/tex/latex/pgf/systemlayer/pgfsys.sty
(/usr/local/texlive/2015/texmf-dist/tex/generic/pgf/systemlayer/pgfsys.code.tex
Package: pgfsys 2013/11/30 v3.0.0 (rcs-revision 1.47)
(/usr/local/texlive/2015/texmf-dist/tex/generic/pgf/utilities/pgfkeys.code.tex
\pgfkeys@pathtoks=\toks33
\pgfkeys@temptoks=\toks34

(/usr/local/texlive/2015/texmf-dist/tex/generic/pgf/utilities/pgfkeysfiltered.c
ode.tex
\pgfkeys@tmptoks=\toks35
))
\pgf@x=\dimen154
\pgf@y=\dimen155
\pgf@xa=\dimen156
\pgf@ya=\dimen157
\pgf@xb=\dimen158
\pgf@yb=\dimen159
\pgf@xc=\dimen160
\pgf@yc=\dimen161
\w@pgf@writea=\write3
\r@pgf@reada=\read1
\c@pgf@counta=\count141
\c@pgf@countb=\count142
\c@pgf@countc=\count143
\c@pgf@countd=\count144
\t@pgf@toka=\toks36
\t@pgf@tokb=\toks37
\t@pgf@tokc=\toks38

(/usr/local/texlive/2015/texmf-dist/tex/generic/pgf/systemlayer/pgf.cfg
File: pgf.cfg 2008/05/14  (rcs-revision 1.7)
)
Driver file for pgf: pgfsys-pdftex.def

(/usr/local/texlive/2015/texmf-dist/tex/generic/pgf/systemlayer/pgfsys-pdftex.d
ef
File: pgfsys-pdftex.def 2013/07/18  (rcs-revision 1.33)

(/usr/local/texlive/2015/texmf-dist/tex/generic/pgf/systemlayer/pgfsys-common-p
df.def
File: pgfsys-common-pdf.def 2013/10/10  (rcs-revision 1.13)
)))
(/usr/local/texlive/2015/texmf-dist/tex/generic/pgf/systemlayer/pgfsyssoftpath.
code.tex
File: pgfsyssoftpath.code.tex 2013/09/09  (rcs-revision 1.9)
\pgfsyssoftpath@smallbuffer@items=\count145
\pgfsyssoftpath@bigbuffer@items=\count146
)
(/usr/local/texlive/2015/texmf-dist/tex/generic/pgf/systemlayer/pgfsysprotocol.
code.tex
File: pgfsysprotocol.code.tex 2006/10/16  (rcs-revision 1.4)
)) (/usr/local/texlive/2015/texmf-dist/tex/latex/xcolor/xcolor.sty
Package: xcolor 2007/01/21 v2.11 LaTeX color extensions (UK)

(/usr/local/texlive/2015/texmf-dist/tex/latex/latexconfig/color.cfg
File: color.cfg 2007/01/18 v1.5 color configuration of teTeX/TeXLive
)
Package xcolor Info: Driver file: pdftex.def on input line 225.
Package xcolor Info: Model `cmy' substituted by `cmy0' on input line 1337.
Package xcolor Info: Model `hsb' substituted by `rgb' on input line 1341.
Package xcolor Info: Model `RGB' extended on input line 1353.
Package xcolor Info: Model `HTML' substituted by `rgb' on input line 1355.
Package xcolor Info: Model `Hsb' substituted by `hsb' on input line 1356.
Package xcolor Info: Model `tHsb' substituted by `hsb' on input line 1357.
Package xcolor Info: Model `HSB' substituted by `hsb' on input line 1358.
Package xcolor Info: Model `Gray' substituted by `gray' on input line 1359.
Package xcolor Info: Model `wave' substituted by `hsb' on input line 1360.
)
(/usr/local/texlive/2015/texmf-dist/tex/generic/pgf/basiclayer/pgfcore.code.tex
Package: pgfcore 2010/04/11 v3.0.0 (rcs-revision 1.7)
(/usr/local/texlive/2015/texmf-dist/tex/generic/pgf/math/pgfmath.code.tex
(/usr/local/texlive/2015/texmf-dist/tex/generic/pgf/math/pgfmathcalc.code.tex
(/usr/local/texlive/2015/texmf-dist/tex/generic/pgf/math/pgfmathutil.code.tex)
(/usr/local/texlive/2015/texmf-dist/tex/generic/pgf/math/pgfmathparser.code.tex
\pgfmath@dimen=\dimen162
\pgfmath@count=\count147
\pgfmath@box=\box40
\pgfmath@toks=\toks39
\pgfmath@stack@operand=\toks40
\pgfmath@stack@operation=\toks41
)
(/usr/local/texlive/2015/texmf-dist/tex/generic/pgf/math/pgfmathfunctions.code.
tex
(/usr/local/texlive/2015/texmf-dist/tex/generic/pgf/math/pgfmathfunctions.basic
.code.tex)
(/usr/local/texlive/2015/texmf-dist/tex/generic/pgf/math/pgfmathfunctions.trigo
nometric.code.tex)
(/usr/local/texlive/2015/texmf-dist/tex/generic/pgf/math/pgfmathfunctions.rando
m.code.tex)
(/usr/local/texlive/2015/texmf-dist/tex/generic/pgf/math/pgfmathfunctions.compa
rison.code.tex)
(/usr/local/texlive/2015/texmf-dist/tex/generic/pgf/math/pgfmathfunctions.base.
code.tex)
(/usr/local/texlive/2015/texmf-dist/tex/generic/pgf/math/pgfmathfunctions.round
.code.tex)
(/usr/local/texlive/2015/texmf-dist/tex/generic/pgf/math/pgfmathfunctions.misc.
code.tex)
(/usr/local/texlive/2015/texmf-dist/tex/generic/pgf/math/pgfmathfunctions.integ
erarithmetics.code.tex)))
(/usr/local/texlive/2015/texmf-dist/tex/generic/pgf/math/pgfmathfloat.code.tex
\c@pgfmathroundto@lastzeros=\count148
))
(/usr/local/texlive/2015/texmf-dist/tex/generic/pgf/basiclayer/pgfcorepoints.co
de.tex
File: pgfcorepoints.code.tex 2013/10/07  (rcs-revision 1.27)
\pgf@picminx=\dimen163
\pgf@picmaxx=\dimen164
\pgf@picminy=\dimen165
\pgf@picmaxy=\dimen166
\pgf@pathminx=\dimen167
\pgf@pathmaxx=\dimen168
\pgf@pathminy=\dimen169
\pgf@pathmaxy=\dimen170
\pgf@xx=\dimen171
\pgf@xy=\dimen172
\pgf@yx=\dimen173
\pgf@yy=\dimen174
\pgf@zx=\dimen175
\pgf@zy=\dimen176
)
(/usr/local/texlive/2015/texmf-dist/tex/generic/pgf/basiclayer/pgfcorepathconst
ruct.code.tex
File: pgfcorepathconstruct.code.tex 2013/10/07  (rcs-revision 1.29)
\pgf@path@lastx=\dimen177
\pgf@path@lasty=\dimen178
)
(/usr/local/texlive/2015/texmf-dist/tex/generic/pgf/basiclayer/pgfcorepathusage
.code.tex
File: pgfcorepathusage.code.tex 2013/12/13  (rcs-revision 1.23)
\pgf@shorten@end@additional=\dimen179
\pgf@shorten@start@additional=\dimen180
)
(/usr/local/texlive/2015/texmf-dist/tex/generic/pgf/basiclayer/pgfcorescopes.co
de.tex
File: pgfcorescopes.code.tex 2013/10/09  (rcs-revision 1.44)
\pgfpic=\box41
\pgf@hbox=\box42
\pgf@layerbox@main=\box43
\pgf@picture@serial@count=\count149
)
(/usr/local/texlive/2015/texmf-dist/tex/generic/pgf/basiclayer/pgfcoregraphicst
ate.code.tex
File: pgfcoregraphicstate.code.tex 2013/09/19  (rcs-revision 1.11)
\pgflinewidth=\dimen181
)
(/usr/local/texlive/2015/texmf-dist/tex/generic/pgf/basiclayer/pgfcoretransform
ations.code.tex
File: pgfcoretransformations.code.tex 2013/10/10  (rcs-revision 1.17)
\pgf@pt@x=\dimen182
\pgf@pt@y=\dimen183
\pgf@pt@temp=\dimen184
)
(/usr/local/texlive/2015/texmf-dist/tex/generic/pgf/basiclayer/pgfcorequick.cod
e.tex
File: pgfcorequick.code.tex 2008/10/09  (rcs-revision 1.3)
)
(/usr/local/texlive/2015/texmf-dist/tex/generic/pgf/basiclayer/pgfcoreobjects.c
ode.tex
File: pgfcoreobjects.code.tex 2006/10/11  (rcs-revision 1.2)
)
(/usr/local/texlive/2015/texmf-dist/tex/generic/pgf/basiclayer/pgfcorepathproce
ssing.code.tex
File: pgfcorepathprocessing.code.tex 2013/09/09  (rcs-revision 1.9)
)
(/usr/local/texlive/2015/texmf-dist/tex/generic/pgf/basiclayer/pgfcorearrows.co
de.tex
File: pgfcorearrows.code.tex 2013/11/07  (rcs-revision 1.40)
\pgfarrowsep=\dimen185
)
(/usr/local/texlive/2015/texmf-dist/tex/generic/pgf/basiclayer/pgfcoreshade.cod
e.tex
File: pgfcoreshade.code.tex 2013/07/15  (rcs-revision 1.15)
\pgf@max=\dimen186
\pgf@sys@shading@range@num=\count150
)
(/usr/local/texlive/2015/texmf-dist/tex/generic/pgf/basiclayer/pgfcoreimage.cod
e.tex
File: pgfcoreimage.code.tex 2013/07/15  (rcs-revision 1.18)

(/usr/local/texlive/2015/texmf-dist/tex/generic/pgf/basiclayer/pgfcoreexternal.
code.tex
File: pgfcoreexternal.code.tex 2013/07/15  (rcs-revision 1.20)
\pgfexternal@startupbox=\box44
))
(/usr/local/texlive/2015/texmf-dist/tex/generic/pgf/basiclayer/pgfcorelayers.co
de.tex
File: pgfcorelayers.code.tex 2013/07/18  (rcs-revision 1.7)
)
(/usr/local/texlive/2015/texmf-dist/tex/generic/pgf/basiclayer/pgfcoretranspare
ncy.code.tex
File: pgfcoretransparency.code.tex 2013/09/30  (rcs-revision 1.5)
)
(/usr/local/texlive/2015/texmf-dist/tex/generic/pgf/basiclayer/pgfcorepatterns.
code.tex
File: pgfcorepatterns.code.tex 2013/11/07  (rcs-revision 1.5)
)))
(/usr/local/texlive/2015/texmf-dist/tex/generic/pgf/modules/pgfmoduleshapes.cod
e.tex
File: pgfmoduleshapes.code.tex 2013/10/31  (rcs-revision 1.34)
\pgfnodeparttextbox=\box45
)
(/usr/local/texlive/2015/texmf-dist/tex/generic/pgf/modules/pgfmoduleplot.code.
tex
File: pgfmoduleplot.code.tex 2013/07/31  (rcs-revision 1.12)
)
(/usr/local/texlive/2015/texmf-dist/tex/latex/pgf/compatibility/pgfcomp-version
-0-65.sty
Package: pgfcomp-version-0-65 2007/07/03 v3.0.0 (rcs-revision 1.7)
\pgf@nodesepstart=\dimen187
\pgf@nodesepend=\dimen188
)
(/usr/local/texlive/2015/texmf-dist/tex/latex/pgf/compatibility/pgfcomp-version
-1-18.sty
Package: pgfcomp-version-1-18 2007/07/23 v3.0.0 (rcs-revision 1.1)
))
(/usr/local/texlive/2015/texmf-dist/tex/latex/pgf/utilities/pgffor.sty
(/usr/local/texlive/2015/texmf-dist/tex/latex/pgf/utilities/pgfkeys.sty
(/usr/local/texlive/2015/texmf-dist/tex/generic/pgf/utilities/pgfkeys.code.tex)
) (/usr/local/texlive/2015/texmf-dist/tex/latex/pgf/math/pgfmath.sty
(/usr/local/texlive/2015/texmf-dist/tex/generic/pgf/math/pgfmath.code.tex))
(/usr/local/texlive/2015/texmf-dist/tex/generic/pgf/utilities/pgffor.code.tex
Package: pgffor 2013/12/13 v3.0.0 (rcs-revision 1.25)

(/usr/local/texlive/2015/texmf-dist/tex/generic/pgf/math/pgfmath.code.tex)
\pgffor@iter=\dimen189
\pgffor@skip=\dimen190
\pgffor@stack=\toks42
\pgffor@toks=\toks43
))
(/usr/local/texlive/2015/texmf-dist/tex/generic/pgf/frontendlayer/tikz/tikz.cod
e.tex
Package: tikz 2013/12/13 v3.0.0 (rcs-revision 1.142)

(/usr/local/texlive/2015/texmf-dist/tex/generic/pgf/libraries/pgflibraryplothan
dlers.code.tex
File: pgflibraryplothandlers.code.tex 2013/08/31 v3.0.0 (rcs-revision 1.20)
\pgf@plot@mark@count=\count151
\pgfplotmarksize=\dimen191
)
\tikz@lastx=\dimen192
\tikz@lasty=\dimen193
\tikz@lastxsaved=\dimen194
\tikz@lastysaved=\dimen195
\tikzleveldistance=\dimen196
\tikzsiblingdistance=\dimen197
\tikz@figbox=\box46
\tikz@figbox@bg=\box47
\tikz@tempbox=\box48
\tikz@tempbox@bg=\box49
\tikztreelevel=\count152
\tikznumberofchildren=\count153
\tikznumberofcurrentchild=\count154
\tikz@fig@count=\count155

(/usr/local/texlive/2015/texmf-dist/tex/generic/pgf/modules/pgfmodulematrix.cod
e.tex
File: pgfmodulematrix.code.tex 2013/09/17  (rcs-revision 1.8)
\pgfmatrixcurrentrow=\count156
\pgfmatrixcurrentcolumn=\count157
\pgf@matrix@numberofcolumns=\count158
)
\tikz@expandcount=\count159

(/usr/local/texlive/2015/texmf-dist/tex/generic/pgf/frontendlayer/tikz/librarie
s/tikzlibrarytopaths.code.tex
File: tikzlibrarytopaths.code.tex 2008/06/17 v3.0.0 (rcs-revision 1.2)
)))
(/usr/local/texlive/2015/texmf-dist/tex/latex/tikz-qtree/pgftree.sty
(/usr/local/texlive/2015/texmf-dist/tex/latex/tikz-qtree/pgfsubpic.sty
(/usr/local/texlive/2015/texmf-dist/tex/latex/tikz-qtree/pgfsubpic.tex
\pgf@subpicminx=\dimen198
\pgf@subpicminy=\dimen199
\pgf@subpicmaxx=\dimen200
\pgf@subpicmaxy=\dimen201
))
(/usr/local/texlive/2015/texmf-dist/tex/latex/tikz-qtree/pgftree.tex
\levelsep=\dimen202
\subtreesep=\dimen203
\smuggle@levelsep=\dimen204
\smuggle@subtreesep=\dimen205
\this@levelsep=\dimen206
\this@subtreesep=\dimen207
\pgftree@childx=\dimen208
\pgftree@savechildx=\dimen209
\pgftree@childy=\dimen210
\pgftree@savechildy=\dimen211
\pgftree@childi=\count160
\pgftree@savechildi=\count161
\pgftree@level=\count162
\pgftree@depth=\dimen212
\pgf@subpic@hbox@children=\box50
\pgf@subpic@minx@children=\dimen213
\pgf@subpic@miny@children=\dimen214
\pgf@subpic@maxx@children=\dimen215
\pgf@subpic@maxy@children=\dimen216
\pgftree@lastchildx=\dimen217
\pgftree@lastchildy=\dimen218
))
(/usr/local/texlive/2015/texmf-dist/tex/latex/tikz-qtree/tikz-qtree.tex
\@result=\toks44
\child@list=\toks45
\root@node=\toks46
))
(/usr/local/texlive/2015/texmf-dist/tex/generic/pgf/frontendlayer/tikz/librarie
s/tikzlibraryarrows.code.tex
File: tikzlibraryarrows.code.tex 2008/01/09 v3.0.0 (rcs-revision 1.1)

(/usr/local/texlive/2015/texmf-dist/tex/generic/pgf/libraries/pgflibraryarrows.
code.tex
File: pgflibraryarrows.code.tex 2013/09/23 v3.0.0 (rcs-revision 1.16)
\arrowsize=\dimen219
))
(/usr/local/texlive/2015/texmf-dist/tex/generic/pgf/frontendlayer/tikz/librarie
s/tikzlibraryautomata.code.tex
File: tikzlibraryautomata.code.tex 2008/07/14 v3.0.0 (rcs-revision 1.3)

(/usr/local/texlive/2015/texmf-dist/tex/generic/pgf/frontendlayer/tikz/librarie
s/tikzlibraryshapes.multipart.code.tex
File: tikzlibraryshapes.multipart.code.tex 2008/01/09 v3.0.0 (rcs-revision 1.1)


(/usr/local/texlive/2015/texmf-dist/tex/generic/pgf/libraries/shapes/pgflibrary
shapes.multipart.code.tex
File: pgflibraryshapes.multipart.code.tex 2010/01/07 v3.0.0 (rcs-revision 1.2)
\pgfnodepartlowerbox=\box51
\pgfnodeparttwobox=\box52
\pgfnodepartthreebox=\box53
\pgfnodepartfourbox=\box54
\pgfnodeparttwentybox=\box55
\pgfnodepartnineteenbox=\box56
\pgfnodeparteighteenbox=\box57
\pgfnodepartseventeenbox=\box58
\pgfnodepartsixteenbox=\box59
\pgfnodepartfifteenbox=\box60
\pgfnodepartfourteenbox=\box61
\pgfnodepartthirteenbox=\box62
\pgfnodeparttwelvebox=\box63
\pgfnodepartelevenbox=\box64
\pgfnodeparttenbox=\box65
\pgfnodepartninebox=\box66
\pgfnodeparteightbox=\box67
\pgfnodepartsevenbox=\box68
\pgfnodepartsixbox=\box69
\pgfnodepartfivebox=\box70
)))
(/usr/local/texlive/2015/texmf-dist/tex/generic/pgf/frontendlayer/tikz/librarie
s/tikzlibrarychains.code.tex
File: tikzlibrarychains.code.tex 2013/07/15 v3.0.0 (rcs-revision 1.6)

(/usr/local/texlive/2015/texmf-dist/tex/generic/pgf/frontendlayer/tikz/librarie
s/tikzlibrarypositioning.code.tex
File: tikzlibrarypositioning.code.tex 2008/10/06 v3.0.0 (rcs-revision 1.7)
))
(/usr/local/texlive/2015/texmf-dist/tex/generic/pgf/frontendlayer/tikz/librarie
s/tikzlibrarymatrix.code.tex
File: tikzlibrarymatrix.code.tex 2013/07/12 v3.0.0 (rcs-revision 1.4)
)
(/usr/local/texlive/2015/texmf-dist/tex/generic/pgf/frontendlayer/tikz/librarie
s/tikzlibraryscopes.code.tex
File: tikzlibraryscopes.code.tex 2008/06/27 v3.0.0 (rcs-revision 1.2)
)
(/usr/local/texlive/2015/texmf-dist/tex/latex/tipa/tipa.sty
Package: tipa 2002/08/08 TIPA version 1.1

(/usr/local/texlive/2015/texmf-dist/tex/latex/base/fontenc.sty
Package: fontenc 2005/09/27 v1.99g Standard LaTeX package

(/usr/local/texlive/2015/texmf-dist/tex/latex/tipa/t3enc.def
File: t3enc.def 2001/12/31 T3 encoding
LaTeX Font Info:    Try loading font information for OT1+phv on input line 357.


(/usr/local/texlive/2015/texmf-dist/tex/latex/psnfss/ot1phv.fd
File: ot1phv.fd 2001/06/04 scalable font definitions for OT1/phv.
))
(/usr/local/texlive/2015/texmf-dist/tex/latex/base/ot1enc.def
File: ot1enc.def 2005/09/27 v1.99g Standard LaTeX file
LaTeX Font Info:    Redeclaring font encoding OT1 on input line 48.
)))
(/usr/local/texlive/2015/texmf-dist/tex/generic/ulem/ulem.sty
\UL@box=\box71
\UL@hyphenbox=\box72
\UL@skip=\skip91
\UL@hook=\toks47
\UL@height=\dimen220
\UL@pe=\count163
\UL@pixel=\dimen221
\ULC@box=\box73
Package: ulem 2012/05/18
\ULdepth=\dimen222
)
(/usr/local/texlive/2015/texmf-dist/tex/latex/epigraph/epigraph.sty
Package: epigraph 2009/09/02 v1.5c typesetting epigraphs
\beforeepigraphskip=\skip92
\afterepigraphskip=\skip93
\epigraphwidth=\skip94
\epigraphrule=\skip95
)
(/usr/local/texlive/2015/texmf-dist/tex/latex/hyperref/hyperref.sty
Package: hyperref 2012/11/06 v6.83m Hypertext links for LaTeX

(/usr/local/texlive/texmf-local/tex/generic/oberdiek/hobsub-hyperref.sty
Package: hobsub-hyperref 2012/05/28 v1.13 Bundle oberdiek, subset hyperref (HO)


(/usr/local/texlive/texmf-local/tex/generic/oberdiek/hobsub-generic.sty
Package: hobsub-generic 2012/05/28 v1.13 Bundle oberdiek, subset generic (HO)
Package: hobsub 2012/05/28 v1.13 Construct package bundles (HO)
Package hobsub Info: Skipping package `infwarerr' (already loaded).
Package hobsub Info: Skipping package `ltxcmds' (already loaded).
Package: ifluatex 2010/03/01 v1.3 Provides the ifluatex switch (HO)
Package ifluatex Info: LuaTeX not detected.
Package hobsub Info: Skipping package `ifvtex' (already loaded).
Package: intcalc 2007/09/27 v1.1 Expandable calculations with integers (HO)
Package hobsub Info: Skipping package `ifpdf' (already loaded).
Package: etexcmds 2011/02/16 v1.5 Avoid name clashes with e-TeX commands (HO)
Package etexcmds Info: Could not find \expanded.
(etexcmds)             That can mean that you are not using pdfTeX 1.50 or
(etexcmds)             that some package has redefined \expanded.
(etexcmds)             In the latter case, load this package earlier.
Package: kvsetkeys 2012/04/25 v1.16 Key value parser (HO)
Package: kvdefinekeys 2011/04/07 v1.3 Define keys (HO)
Package: pdftexcmds 2011/11/29 v0.20 Utility functions of pdfTeX for LuaTeX (HO
)
Package pdftexcmds Info: LuaTeX not detected.
Package pdftexcmds Info: \pdf@primitive is available.
Package pdftexcmds Info: \pdf@ifprimitive is available.
Package pdftexcmds Info: \pdfdraftmode found.
Package: pdfescape 2011/11/25 v1.13 Implements pdfTeX's escape features (HO)
Package: bigintcalc 2012/04/08 v1.3 Expandable calculations on big integers (HO
)
Package: bitset 2011/01/30 v1.1 Handle bit-vector datatype (HO)
Package: uniquecounter 2011/01/30 v1.2 Provide unlimited unique counter (HO)
)
Package hobsub Info: Skipping package `hobsub' (already loaded).
Package: letltxmacro 2010/09/02 v1.4 Let assignment for LaTeX macros (HO)
Package: hopatch 2012/05/28 v1.2 Wrapper for package hooks (HO)
Package: xcolor-patch 2011/01/30 xcolor patch
Package: atveryend 2011/06/30 v1.8 Hooks at the very end of document (HO)
Package atveryend Info: \enddocument detected (standard20110627).
Package: atbegshi 2011/10/05 v1.16 At begin shipout hook (HO)
Package: refcount 2011/10/16 v3.4 Data extraction from label references (HO)
Package: hycolor 2011/01/30 v1.7 Color options for hyperref/bookmark (HO)
)
(/usr/local/texlive/texmf-local/tex/latex/oberdiek/auxhook.sty
Package: auxhook 2011/03/04 v1.3 Hooks for auxiliary files (HO)
)
(/usr/local/texlive/texmf-local/tex/latex/oberdiek/kvoptions.sty
Package: kvoptions 2011/06/30 v3.11 Key value format for package options (HO)
)
\@linkdim=\dimen223
\Hy@linkcounter=\count164
\Hy@pagecounter=\count165

(/usr/local/texlive/2015/texmf-dist/tex/latex/hyperref/pd1enc.def
File: pd1enc.def 2012/11/06 v6.83m Hyperref: PDFDocEncoding definition (HO)
)
\Hy@SavedSpaceFactor=\count166

(/usr/local/texlive/2015/texmf-dist/tex/latex/latexconfig/hyperref.cfg
File: hyperref.cfg 2002/06/06 v1.2 hyperref configuration of TeXLive
)
Package hyperref Info: Hyper figures OFF on input line 4443.
Package hyperref Info: Link nesting OFF on input line 4448.
Package hyperref Info: Hyper index ON on input line 4451.
Package hyperref Info: Plain pages OFF on input line 4458.
Package hyperref Info: Backreferencing OFF on input line 4463.
Package hyperref Info: Implicit mode ON; LaTeX internals redefined.
Package hyperref Info: Bookmarks ON on input line 4688.
\c@Hy@tempcnt=\count167

(/usr/local/texlive/2015/texmf-dist/tex/latex/url/url.sty
\Urlmuskip=\muskip11
Package: url 2013/09/16  ver 3.4  Verb mode for urls, etc.
)
LaTeX Info: Redefining \url on input line 5041.
\XeTeXLinkMargin=\dimen224
\Fld@menulength=\count168
\Field@Width=\dimen225
\Fld@charsize=\dimen226
Package hyperref Info: Hyper figures OFF on input line 6295.
Package hyperref Info: Link nesting OFF on input line 6300.
Package hyperref Info: Hyper index ON on input line 6303.
Package hyperref Info: backreferencing OFF on input line 6310.
Package hyperref Info: Link coloring OFF on input line 6315.
Package hyperref Info: Link coloring with OCG OFF on input line 6320.
Package hyperref Info: PDF/A mode OFF on input line 6325.
LaTeX Info: Redefining \ref on input line 6365.
LaTeX Info: Redefining \pageref on input line 6369.
\Hy@abspage=\count169
\c@Item=\count170
\c@Hfootnote=\count171
)

Package hyperref Message: Driver (autodetected): hpdftex.

(/usr/local/texlive/2015/texmf-dist/tex/latex/hyperref/hpdftex.def
File: hpdftex.def 2012/11/06 v6.83m Hyperref driver for pdfTeX
\Fld@listcount=\count172
\c@bookmark@seq@number=\count173

(/usr/local/texlive/texmf-local/tex/latex/oberdiek/rerunfilecheck.sty
Package: rerunfilecheck 2011/04/15 v1.7 Rerun checks for auxiliary files (HO)
Package uniquecounter Info: New unique counter `rerunfilecheck' on input line 2
82.
)
\Hy@SectionHShift=\skip96
)
(./diss.aux (./Acknowledgements.aux) (./Abstract.aux) (./chapter1.aux)
(./chapter2.aux) (./chapter3.aux) (./chapter4.aux) (./chapter5.aux)
(./chapter6.aux

LaTeX Warning: Label `neg-three-plot' multiply defined.

) (./chapter7.aux) (./AppendixA.aux) (./AppendixB.aux) (./AppendixC.aux)
(./AppendixD.aux))
\openout1 = `diss.aux'.

LaTeX Font Info:    Checking defaults for OML/cmm/m/it on input line 80.
LaTeX Font Info:    ... okay on input line 80.
LaTeX Font Info:    Checking defaults for T1/cmr/m/n on input line 80.
LaTeX Font Info:    ... okay on input line 80.
LaTeX Font Info:    Checking defaults for OT1/cmr/m/n on input line 80.
LaTeX Font Info:    ... okay on input line 80.
LaTeX Font Info:    Checking defaults for OMS/cmsy/m/n on input line 80.
LaTeX Font Info:    ... okay on input line 80.
LaTeX Font Info:    Checking defaults for OMX/cmex/m/n on input line 80.
LaTeX Font Info:    ... okay on input line 80.
LaTeX Font Info:    Checking defaults for U/cmr/m/n on input line 80.
LaTeX Font Info:    ... okay on input line 80.
LaTeX Font Info:    Checking defaults for LGR/cmr/m/n on input line 80.
LaTeX Font Info:    Try loading font information for LGR+cmr on input line 80.

(/usr/local/texlive/2015/texmf-dist/tex/latex/cbfonts-fd/lgrcmr.fd
File: lgrcmr.fd 2013/09/01 v1.0 Greek European Computer Regular
)
LaTeX Font Info:    ... okay on input line 80.
LaTeX Font Info:    Checking defaults for T3/cmr/m/n on input line 80.
LaTeX Font Info:    Try loading font information for T3+cmr on input line 80.

(/usr/local/texlive/2015/texmf-dist/tex/latex/tipa/t3cmr.fd
File: t3cmr.fd 2001/12/31 TIPA font definitions
)
LaTeX Font Info:    ... okay on input line 80.
LaTeX Font Info:    Checking defaults for PD1/pdf/m/n on input line 80.
LaTeX Font Info:    ... okay on input line 80.
LaTeX Font Info:    Try loading font information for OT1+ptm on input line 80.

(/usr/local/texlive/2015/texmf-dist/tex/latex/psnfss/ot1ptm.fd
File: ot1ptm.fd 2001/06/04 font definitions for OT1/ptm.
)
(/usr/local/texlive/2015/texmf-dist/tex/context/base/supp-pdf.mkii
[Loading MPS to PDF converter (version 2006.09.02).]
\scratchcounter=\count174
\scratchdimen=\dimen227
\scratchbox=\box74
\nofMPsegments=\count175
\nofMParguments=\count176
\everyMPshowfont=\toks48
\MPscratchCnt=\count177
\MPscratchDim=\dimen228
\MPnumerator=\count178
\makeMPintoPDFobject=\count179
\everyMPtoPDFconversion=\toks49
) (/usr/local/texlive/texmf-local/tex/latex/oberdiek/epstopdf-base.sty
Package: epstopdf-base 2010/02/09 v2.5 Base part for package epstopdf

(/usr/local/texlive/texmf-local/tex/latex/oberdiek/grfext.sty
Package: grfext 2010/08/19 v1.1 Manage graphics extensions (HO)
)
Package grfext Info: Graphics extension search list:
(grfext)             [.png,.pdf,.jpg,.mps,.jpeg,.jbig2,.jb2,.PNG,.PDF,.JPG,.JPE
G,.JBIG2,.JB2,.eps]
(grfext)             \AppendGraphicsExtensions on input line 452.

(/usr/local/texlive/2015/texmf-dist/tex/latex/latexconfig/epstopdf-sys.cfg
File: epstopdf-sys.cfg 2010/07/13 v1.3 Configuration of (r)epstopdf for TeX Liv
e
))
Package caption Info: Begin \AtBeginDocument code.
Package caption Info: End \AtBeginDocument code.

*geometry* driver: auto-detecting
*geometry* detected driver: pdftex
*geometry* verbose mode - [ preamble ] result:
* driver: pdftex
* paper: custom
* layout: <same size as paper>
* layoutoffset:(h,v)=(0.0pt,0.0pt)
* modes: includehead includefoot 
* h-part:(L,W,R)=(108.405pt, 433.62001pt, 72.26999pt)
* v-part:(T,H,B)=(72.26999pt, 650.43001pt, 72.26999pt)
* \paperwidth=614.295pt
* \paperheight=794.96999pt
* \textwidth=433.62001pt
* \textheight=620.43001pt
* \oddsidemargin=36.13501pt
* \evensidemargin=36.13501pt
* \topmargin=0.0pt
* \headheight=0.0pt
* \headsep=0.0pt
* \topskip=12.0pt
* \footskip=30.0pt
* \marginparwidth=44.0pt
* \marginparsep=10.0pt
* \columnsep=10.0pt
* \skip\footins=10.8pt plus 4.0pt minus 2.0pt
* \hoffset=0.0pt
* \voffset=0.0pt
* \mag=1000
* \@twocolumnfalse
* \@twosidefalse
* \@mparswitchfalse
* \@reversemarginfalse
* (1in=72.27pt=25.4mm, 1cm=28.453pt)

(/usr/local/texlive/2015/texmf-dist/tex/latex/greek-fontenc/textalpha.sty
Package: textalpha 2014/12/12 v0.12 macros for Greek letters in text
)
ABD: EveryShipout initializing macros
\AtBeginShipoutBox=\box75
Package hyperref Info: Link coloring OFF on input line 80.

(/usr/local/texlive/2015/texmf-dist/tex/latex/hyperref/nameref.sty
Package: nameref 2012/10/27 v2.43 Cross-referencing by name of section

(/usr/local/texlive/texmf-local/tex/generic/oberdiek/gettitlestring.sty
Package: gettitlestring 2010/12/03 v1.4 Cleanup title references (HO)
)
\c@section@level=\count180
)
LaTeX Info: Redefining \ref on input line 80.
LaTeX Info: Redefining \pageref on input line 80.
LaTeX Info: Redefining \nameref on input line 80.

(./diss.out) (./diss.out)
\@outlinefile=\write4
\openout4 = `diss.out'.

 [1

{/usr/local/texlive/2015/texmf-var/fonts/map/pdftex/updmap/pdftex.map}] [1]
Underfull \hbox (badness 10000) in paragraph at lines 120--120

 []

[3]
LaTeX Font Info:    Font shape `OT1/ptm/bx/n' in size <24.88> not available
(Font)              Font shape `OT1/ptm/b/n' tried instead on input line 120.
\openout2 = `Acknowledgements.aux'.

 (./Acknowledgements.tex) [4

]
LaTeX Font Info:    Font shape `OT1/ptm/bx/n' in size <14.4> not available
(Font)              Font shape `OT1/ptm/b/n' tried instead on input line 120.
\openout2 = `Abstract.aux'.

 (./Abstract.tex [5

]) [6] (./diss.toc
LaTeX Font Info:    Font shape `OT1/ptm/bx/n' in size <12> not available
(Font)              Font shape `OT1/ptm/b/n' tried instead on input line 2.
LaTeX Font Info:    External font `cmex7' loaded for size
(Font)              <6> on input line 9.
LaTeX Font Info:    Try loading font information for U+msa on input line 9.

(/usr/local/texlive/2015/texmf-dist/tex/latex/amsfonts/umsa.fd
File: umsa.fd 2013/01/14 v3.01 AMS symbols A
)
LaTeX Font Info:    Try loading font information for U+msb on input line 9.

(/usr/local/texlive/2015/texmf-dist/tex/latex/amsfonts/umsb.fd
File: umsb.fd 2013/01/14 v3.01 AMS symbols B
) [7


] [8])
\tf@toc=\write5
\openout5 = `diss.toc'.


[9] (./diss.lot)
\tf@lot=\write6
\openout6 = `diss.lot'.

 [10

] (./diss.lof [11

] [12])
\tf@lof=\write7
\openout7 = `diss.lof'.

 [13]
\openout2 = `chapter1.aux'.

 (./chapter1.tex
Chapter 1.
pdfTeX warning (ext4): destination with the same identifier (name{page.1}) has 
been already used, duplicate ignored
<to be read again> 
                   \relax 
l.88 
      [1


] <left.jpg, id=461, 70.76437pt x 96.36pt>
File: left.jpg Graphic file (type jpg)
 <use left.jpg>
Package pdftex.def Info: left.jpg used on input line 92.
(pdftex.def)             Requested size: 65.04034pt x 88.57285pt.

<right.jpg, id=462, 71.51718pt x 91.84312pt>
File: right.jpg Graphic file (type jpg)
 <use right.jpg>
Package pdftex.def Info: right.jpg used on input line 93.
(pdftex.def)             Requested size: 43.36464pt x 55.68927pt.
 [2 <./left.jpg> <./right.jpg>]
File: left.jpg Graphic file (type jpg)
 <use left.jpg>
Package pdftex.def Info: left.jpg used on input line 113.
(pdftex.def)             Requested size: 65.04034pt x 88.57285pt.
File: right.jpg Graphic file (type jpg)
 <use right.jpg>
Package pdftex.def Info: right.jpg used on input line 114.
(pdftex.def)             Requested size: 65.04034pt x 83.5269pt.
 [3] [4]) [5]
\openout2 = `chapter2.aux'.

 (./chapter2.tex
Chapter 2.
LaTeX Font Info:    External font `cmex7' loaded for size
(Font)              <7> on input line 7.
LaTeX Font Info:    External font `cmex7' loaded for size
(Font)              <5> on input line 7.
[6



] [7]
LaTeX Font Info:    Font shape `OT1/ptm/bx/n' in size <17.28> not available
(Font)              Font shape `OT1/ptm/b/n' tried instead on input line 29.
 [8] [9] [10] [11] [12] [13] [14] [15] [16] [17] [18] [19] [20] [21]
LaTeX Font Info:    Try loading font information for LGR+ptm on input line 466.

LaTeX Font Info:    No file LGRptm.fd. on input line 466.


LaTeX Font Warning: Font shape `LGR/ptm/m/n' undefined
(Font)              using `LGR/cmr/m/n' instead on input line 466.

[22] [23] [24] [25] [26] [27] [28] [29] [30]) [31] [32


]
\openout2 = `chapter3.aux'.

 (./chapter3.tex
Chapter 3.
[33


] [34] [35] [36] [37] [38] [39] [40] [41] [42]
LaTeX Font Info:    Try loading font information for OMS+ptm on input line 153.


(/usr/local/texlive/2015/texmf-dist/tex/latex/psnfss/omsptm.fd
File: omsptm.fd 
)
LaTeX Font Info:    Font shape `OMS/ptm/m/n' in size <12> not available
(Font)              Font shape `OMS/cmsy/m/n' tried instead on input line 153.
 [43] [44]
[45] [46] [47] [48] [49] [50] [51] [52] [53] [54]
<skyrms-plot.pdf, id=1096, 433.62pt x 289.08pt>
File: skyrms-plot.pdf Graphic file (type pdf)
 <use skyrms-plot.pdf>
Package pdftex.def Info: skyrms-plot.pdf used on input line 404.
(pdftex.def)             Requested size: 433.61894pt x 289.07928pt.
 [55 <./skyrms-plot.pdf>] [56] [57] [58] [59] [60] [61] [62] [63]
<common-interests.pdf, id=1192, 433.62pt x 289.08pt>
File: common-interests.pdf Graphic file (type pdf)

<use common-interests.pdf>
Package pdftex.def Info: common-interests.pdf used on input line 867.
(pdftex.def)             Requested size: 433.61894pt x 289.07928pt.
 [64 <./common-interests.pdf>]
<conflicting-interests.pdf, id=1217, 433.62pt x 289.08pt>
File: conflicting-interests.pdf Graphic file (type pdf)

<use conflicting-interests.pdf>
Package pdftex.def Info: conflicting-interests.pdf used on input line 904.
(pdftex.def)             Requested size: 433.61894pt x 289.07928pt.
 [65 <./conflicting-interests.pdf>]
<conflicting-interests-KL.pdf, id=1247, 433.62pt x 289.08pt>
File: conflicting-interests-KL.pdf Graphic file (type pdf)

<use conflicting-interests-KL.pdf>
Package pdftex.def Info: conflicting-interests-KL.pdf used on input line 918.
(pdftex.def)             Requested size: 433.61894pt x 289.07928pt.
) [66] [67 <./conflicting-interests-KL.pdf>]
\openout2 = `chapter4.aux'.


(./chapter4.tex
Chapter 4.
[68



]
Overfull \hbox (7.97275pt too wide) in paragraph at lines 24--25
[]\OT1/ptm/m/n/12 The sec-ond con-tri-bu-tion of this chap-ter is that the mode
l we present of-fers an information-
 []

[69] [70]
LaTeX Font Info:    Try loading font information for T3+ptm on input line 53.
 (/usr/local/texlive/2015/texmf-dist/tex/latex/tipa/t3ptm.fd
File: t3ptm.fd 2001/12/31 TIPA font definitions
) [71]
Underfull \hbox (badness 10000) in paragraph at lines 59--59

 []

[72]
Underfull \hbox (badness 10000) in paragraph at lines 65--65

 []

[73] [74] [75] [76] [77] [78] [79] [80] [81] [82] [83] [84]
<beta-distribution.png, id=1474, 433.62pt x 289.08pt>
File: beta-distribution.png Graphic file (type png)

<use beta-distribution.png>
Package pdftex.def Info: beta-distribution.png used on input line 247.
(pdftex.def)             Requested size: 325.215pt x 216.81828pt.
 [85] [86 <./beta-distribution.png>]
<sol2-beta.png, id=1511, 433.62pt x 289.08pt>
File: sol2-beta.png Graphic file (type png)
 <use sol2-beta.png>
Package pdftex.def Info: sol2-beta.png used on input line 284.
(pdftex.def)             Requested size: 325.215pt x 216.81828pt.
 [87] [88 <./sol2-beta.png>] [89] [90]
Package epstopdf Info: Source file: <replicator-multiple-b.eps>
(epstopdf)                    date: 2015-11-13 02:29:22
(epstopdf)                    size: 36661 bytes
(epstopdf)             Output file: <replicator-multiple-b-eps-converted-to.pdf
>
(epstopdf)                    date: 2015-11-22 21:29:43
(epstopdf)                    size: 19165 bytes
(epstopdf)             Command: <repstopdf --outfile=replicator-multiple-b-eps-
converted-to.pdf replicator-multiple-b.eps>
(epstopdf)             \includegraphics on input line 334.
Package epstopdf Info: Output file is already uptodate.

<replicator-multiple-b-eps-converted-to.pdf, id=1550, 433.62pt x 289.08pt>
File: replicator-multiple-b-eps-converted-to.pdf Graphic file (type pdf)

<use replicator-multiple-b-eps-converted-to.pdf>
Package pdftex.def Info: replicator-multiple-b-eps-converted-to.pdf used on inp
ut line 334.
(pdftex.def)             Requested size: 325.215pt x 216.81828pt.
 [91] [92 <./replicator-multiple-b-eps-converted-to.pdf>] <neg-year-lines.pdf, 
id=1594, 794.97pt x 614.295pt>
File: neg-year-lines.pdf Graphic file (type pdf)

<use neg-year-lines.pdf>
Package pdftex.def Info: neg-year-lines.pdf used on input line 350.
(pdftex.def)             Requested size: 325.215pt x 251.30954pt.
 [93 <./neg-year-lines.pdf>]
<lump-plot1.pdf, id=1608, 794.97pt x 614.295pt>
File: lump-plot1.pdf Graphic file (type pdf)
 <use lump-plot1.pdf>
Package pdftex.def Info: lump-plot1.pdf used on input line 362.
(pdftex.def)             Requested size: 325.215pt x 251.30954pt.
 [94 <./lump-plot1.pdf>] [95]
Package epstopdf Info: Source file: <m2_sol.eps>
(epstopdf)                    date: 2015-11-13 03:15:59
(epstopdf)                    size: 31742 bytes
(epstopdf)             Output file: <m2_sol-eps-converted-to.pdf>
(epstopdf)                    date: 2015-11-22 21:29:44
(epstopdf)                    size: 23015 bytes
(epstopdf)             Command: <repstopdf --outfile=m2_sol-eps-converted-to.pd
f m2_sol.eps>
(epstopdf)             \includegraphics on input line 381.
Package epstopdf Info: Output file is already uptodate.
 <m2_sol-eps-converted-to.pdf, id=1628, 433.62pt x 289.08pt>
File: m2_sol-eps-converted-to.pdf Graphic file (type pdf)

<use m2_sol-eps-converted-to.pdf>
Package pdftex.def Info: m2_sol-eps-converted-to.pdf used on input line 381.
(pdftex.def)             Requested size: 325.215pt x 216.81828pt.
 [96 <./m2_sol-eps-converted-to.pdf>]
<p_t_m2_rd.png, id=1673, 433.62pt x 289.08pt>
File: p_t_m2_rd.png Graphic file (type png)
 <use p_t_m2_rd.png>
Package pdftex.def Info: p_t_m2_rd.png used on input line 391.
(pdftex.def)             Requested size: 325.215pt x 216.81828pt.
 [97 <./p_t_m2_rd.png>]
Package epstopdf Info: Source file: <push_chain.eps>
(epstopdf)                    date: 2015-11-13 03:31:23
(epstopdf)                    size: 24364 bytes
(epstopdf)             Output file: <push_chain-eps-converted-to.pdf>
(epstopdf)                    date: 2015-11-22 21:29:44
(epstopdf)                    size: 11875 bytes
(epstopdf)             Command: <repstopdf --outfile=push_chain-eps-converted-t
o.pdf push_chain.eps>
(epstopdf)             \includegraphics on input line 400.
Package epstopdf Info: Output file is already uptodate.
 <push_chain-eps-converted-to.pdf, id=1682, 433.62pt x 289.08pt>
File: push_chain-eps-converted-to.pdf Graphic file (type pdf)

<use push_chain-eps-converted-to.pdf>
Package pdftex.def Info: push_chain-eps-converted-to.pdf used on input line 400
.
(pdftex.def)             Requested size: 433.62001pt x 289.09251pt.
 [98 <./push_chain-eps-converted-to.pdf>]
[99] [100]) [101] [102] [103


]
\openout2 = `chapter5.aux'.

 (./chapter5.tex
Chapter 5.
[104


] [105] [106] [107] [108] [109]
<lrp-learning.png, id=1834, 433.62pt x 289.08pt>
File: lrp-learning.png Graphic file (type png)
 <use lrp-learning.png>
Package pdftex.def Info: lrp-learning.png used on input line 91.
(pdftex.def)             Requested size: 325.215pt x 216.81828pt.

[110 <./lrp-learning.png>] <lrp-dist.png, id=1859, 433.62pt x 289.08pt>
File: lrp-dist.png Graphic file (type png)

<use lrp-dist.png>
Package pdftex.def Info: lrp-dist.png used on input line 119.
(pdftex.def)             Requested size: 325.215pt x 216.81828pt.
 [111] [112 <./lrp-dist.png>] [113]
Package epstopdf Info: Source file: <lrp-gain.eps>
(epstopdf)                    date: 2015-11-13 15:13:55
(epstopdf)                    size: 27949 bytes
(epstopdf)             Output file: <lrp-gain-eps-converted-to.pdf>
(epstopdf)                    date: 2015-11-22 21:34:30
(epstopdf)                    size: 17803 bytes
(epstopdf)             Command: <repstopdf --outfile=lrp-gain-eps-converted-to.
pdf lrp-gain.eps>
(epstopdf)             \includegraphics on input line 153.
Package epstopdf Info: Output file is already uptodate.

<lrp-gain-eps-converted-to.pdf, id=1880, 433.62pt x 289.08pt>
File: lrp-gain-eps-converted-to.pdf Graphic file (type pdf)

<use lrp-gain-eps-converted-to.pdf>
Package pdftex.def Info: lrp-gain-eps-converted-to.pdf used on input line 153.
(pdftex.def)             Requested size: 325.215pt x 216.81828pt.
 [114]
<lrp-log.png, id=1896, 433.62pt x 289.08pt>
File: lrp-log.png Graphic file (type png)
 <use lrp-log.png>
Package pdftex.def Info: lrp-log.png used on input line 169.
(pdftex.def)             Requested size: 325.215pt x 216.81828pt.
 [115 <./lrp-gain-eps-converted-to.pdf>] [116 <./lrp-log.png>] [117] [118] [119
] [120] [121]
[122]
Package epstopdf Info: Source file: <lrp-first.eps>
(epstopdf)                    date: 2015-11-08 19:45:46
(epstopdf)                    size: 23066 bytes
(epstopdf)             Output file: <lrp-first-eps-converted-to.pdf>
(epstopdf)                    date: 2015-11-22 21:34:33
(epstopdf)                    size: 14288 bytes
(epstopdf)             Command: <repstopdf --outfile=lrp-first-eps-converted-to
.pdf lrp-first.eps>
(epstopdf)             \includegraphics on input line 383.
Package epstopdf Info: Output file is already uptodate.
 <lrp-first-eps-converted-to.pdf, id=2067, 433.62pt x 289.08pt>
File: lrp-first-eps-converted-to.pdf Graphic file (type pdf)

<use lrp-first-eps-converted-to.pdf>
Package pdftex.def Info: lrp-first-eps-converted-to.pdf used on input line 383.

(pdftex.def)             Requested size: 325.215pt x 216.81828pt.
 [123]
Package epstopdf Info: Source file: <lrp-second.eps>
(epstopdf)                    date: 2015-11-08 19:59:33
(epstopdf)                    size: 22721 bytes
(epstopdf)             Output file: <lrp-second-eps-converted-to.pdf>
(epstopdf)                    date: 2015-11-22 21:34:34
(epstopdf)                    size: 12794 bytes
(epstopdf)             Command: <repstopdf --outfile=lrp-second-eps-converted-t
o.pdf lrp-second.eps>
(epstopdf)             \includegraphics on input line 393.
Package epstopdf Info: Output file is already uptodate.

<lrp-second-eps-converted-to.pdf, id=2075, 433.62pt x 289.08pt>
File: lrp-second-eps-converted-to.pdf Graphic file (type pdf)

<use lrp-second-eps-converted-to.pdf>
Package pdftex.def Info: lrp-second-eps-converted-to.pdf used on input line 393
.
(pdftex.def)             Requested size: 325.215pt x 216.81828pt.
 [124 <./lrp-first-eps-converted-to.pdf>]
[125 <./lrp-second-eps-converted-to.pdf>]
Package epstopdf Info: Source file: <lrp-combined.eps>
(epstopdf)                    date: 2015-11-08 20:01:39
(epstopdf)                    size: 22531 bytes
(epstopdf)             Output file: <lrp-combined-eps-converted-to.pdf>
(epstopdf)                    date: 2015-11-22 21:34:34
(epstopdf)                    size: 12527 bytes
(epstopdf)             Command: <repstopdf --outfile=lrp-combined-eps-converted
-to.pdf lrp-combined.eps>
(epstopdf)             \includegraphics on input line 409.
Package epstopdf Info: Output file is already uptodate.

<lrp-combined-eps-converted-to.pdf, id=2144, 433.62pt x 289.08pt>
File: lrp-combined-eps-converted-to.pdf Graphic file (type pdf)

<use lrp-combined-eps-converted-to.pdf>
Package pdftex.def Info: lrp-combined-eps-converted-to.pdf used on input line 4
09.
(pdftex.def)             Requested size: 325.215pt x 216.81828pt.
 [126 <./lrp-combined-eps-converted-to.pdf>]) [127] [128]
\openout2 = `chapter6.aux'.

 (./chapter6.tex
Chapter 6.
[129



] [130] [131] [132] [133] [134]
<drift-selection.png, id=2231, 433.62pt x 289.08pt>
File: drift-selection.png Graphic file (type png)
 <use drift-selection.png>
Package pdftex.def Info: drift-selection.png used on input line 84.
(pdftex.def)             Requested size: 433.62001pt x 289.09251pt.

<selection-drift.png, id=2232, 433.62pt x 289.08pt>
File: selection-drift.png Graphic file (type png)
 <use selection-drift.png>
Package pdftex.def Info: selection-drift.png used on input line 93.
(pdftex.def)             Requested size: 433.62001pt x 289.09251pt.

[135 <./drift-selection.png>] [136 <./selection-drift.png>] [137] [138]
File: neg-year-lines.pdf Graphic file (type pdf)

<use neg-year-lines.pdf>
Package pdftex.def Info: neg-year-lines.pdf used on input line 127.
(pdftex.def)             Requested size: 325.215pt x 251.30954pt.
File: lump-plot1.pdf Graphic file (type pdf)
 <use lump-plot1.pdf>
Package pdftex.def Info: lump-plot1.pdf used on input line 134.
(pdftex.def)             Requested size: 325.215pt x 251.30954pt.

<lump-plot2.pdf, id=2281, 794.97pt x 614.295pt>
File: lump-plot2.pdf Graphic file (type pdf)
 <use lump-plot2.pdf>
Package pdftex.def Info: lump-plot2.pdf used on input line 141.
(pdftex.def)             Requested size: 325.215pt x 251.30954pt.
 [139]
[140] [141 <./lump-plot2.pdf>]
LaTeX Font Info:    Try loading font information for OT1+pcr on input line 152.


(/usr/local/texlive/2015/texmf-dist/tex/latex/psnfss/ot1pcr.fd
File: ot1pcr.fd 2001/06/04 font definitions for OT1/pcr.
) [142] [143]
[144] [145]) [146]
\openout2 = `chapter7.aux'.

 (./chapter7.tex
Chapter 7.
[147



]) [148]
\openout2 = `AppendixA.aux'.

 (./AppendixA.tex
Appendix A.
) [149



]
\openout2 = `AppendixB.aux'.

 (./AppendixB.tex
Appendix B.
) [150



]
\openout2 = `AppendixC.aux'.

 (./AppendixC.tex
Appendix C.
) [151



]
\openout2 = `AppendixD.aux'.

 (./AppendixD.tex
Appendix D.
) [152



] (./diss.bbl [153


] [154] [155] [156] [157] [158] [159] [160]
Missing character: There is no  in font ptmr7t!
Missing character: There is no  in font ptmr7t!
Missing character: There is no  in font ptmr7t!
 [161]
[162] [163] [164] [165] [166]
Missing character: There is no  in font ptmr7t!
Missing character: There is no  in font ptmr7t!
Missing character: There is no  in font ptmr7t!
) [167]
Package atveryend Info: Empty hook `BeforeClearDocument' on input line 160.
Package atveryend Info: Empty hook `AfterLastShipout' on input line 160.
 (./diss.aux (./Acknowledgements.aux)
(./Abstract.aux) (./chapter1.aux) (./chapter2.aux) (./chapter3.aux)
(./chapter4.aux) (./chapter5.aux) (./chapter6.aux) (./chapter7.aux)
(./AppendixA.aux) (./AppendixB.aux) (./AppendixC.aux) (./AppendixD.aux))
Package atveryend Info: Executing hook `AtVeryEndDocument' on input line 160.
Package atveryend Info: Executing hook `AtEndAfterFileList' on input line 160.
Package rerunfilecheck Info: File `diss.out' has not changed.
(rerunfilecheck)             Checksum: 505F52823099D65703D761357185F68C;3252.


LaTeX Font Warning: Some font shapes were not available, defaults substituted.


LaTeX Warning: There were multiply-defined labels.

Package atveryend Info: Empty hook `AtVeryVeryEnd' on input line 160.
 ) 
Here is how much of TeX's memory you used:
 26050 strings out of 493089
 473426 string characters out of 6134842
 578489 words of memory out of 5000000
 28320 multiletter control sequences out of 15000+600000
 44249 words of font info for 99 fonts, out of 8000000 for 9000
 1141 hyphenation exceptions out of 8191
 62i,16n,66p,2216b,1369s stack positions out of 5000i,500n,10000p,200000b,80000s
{/usr/local/texlive/2015/texmf-dist/fonts/enc/dvips/base/8r.enc}</usr/local/t
exlive/2015/texmf-dist/fonts/type1/public/amsfonts/cm/cmbx12.pfb></usr/local/te
xlive/2015/texmf-dist/fonts/type1/public/amsfonts/cm/cmbx8.pfb></usr/local/texl
ive/2015/texmf-dist/fonts/type1/public/amsfonts/cm/cmex10.pfb></usr/local/texli
ve/2015/texmf-dist/fonts/type1/public/amsfonts/cm/cmmi10.pfb></usr/local/texliv
e/2015/texmf-dist/fonts/type1/public/amsfonts/cm/cmmi12.pfb></usr/local/texlive
/2015/texmf-dist/fonts/type1/public/amsfonts/cm/cmmi6.pfb></usr/local/texlive/2
015/texmf-dist/fonts/type1/public/amsfonts/cm/cmmi7.pfb></usr/local/texlive/201
5/texmf-dist/fonts/type1/public/amsfonts/cm/cmmi8.pfb></usr/local/texlive/2015/
texmf-dist/fonts/type1/public/amsfonts/cm/cmr10.pfb></usr/local/texlive/2015/te
xmf-dist/fonts/type1/public/amsfonts/cm/cmr12.pfb></usr/local/texlive/2015/texm
f-dist/fonts/type1/public/amsfonts/cm/cmr5.pfb></usr/local/texlive/2015/texmf-d
ist/fonts/type1/public/amsfonts/cm/cmr6.pfb></usr/local/texlive/2015/texmf-dist
/fonts/type1/public/amsfonts/cm/cmr7.pfb></usr/local/texlive/2015/texmf-dist/fo
nts/type1/public/amsfonts/cm/cmr8.pfb></usr/local/texlive/2015/texmf-dist/fonts
/type1/public/amsfonts/cm/cmsy10.pfb></usr/local/texlive/2015/texmf-dist/fonts/
type1/public/amsfonts/cm/cmsy8.pfb></usr/local/texlive/2015/texmf-dist/fonts/ty
pe1/public/cbfonts/grmn1200.pfb></usr/local/texlive/2015/texmf-dist/fonts/type1
/public/amsfonts/symbols/msbm10.pfb></usr/local/texlive/2015/texmf-dist/fonts/t
ype1/urw/courier/ucrr8a.pfb></usr/local/texlive/2015/texmf-dist/fonts/type1/urw
/times/utmb8a.pfb></usr/local/texlive/2015/texmf-dist/fonts/type1/urw/times/utm
r8a.pfb></usr/local/texlive/2015/texmf-dist/fonts/type1/urw/times/utmri8a.pfb><
/usr/local/texlive/2015/texmf-dist/fonts/type1/public/tipa/xipa10.pfb>
Output written on diss.pdf (180 pages, 2772873 bytes).
PDF statistics:
 2651 PDF objects out of 2984 (max. 8388607)
 2201 compressed objects within 23 object streams
 596 named destinations out of 1000 (max. 500000)
 525 words of extra memory for PDF output out of 10000 (max. 10000000)

