\BOOKMARK [0][-]{chapter*.1}{Acknowledgements}{}% 1
\BOOKMARK [0][-]{chapter*.1}{Abstract}{}% 2
\BOOKMARK [0][-]{chapter*.2}{Contents}{}% 3
\BOOKMARK [0][-]{chapter*.2}{List\040of\040Tables}{}% 4
\BOOKMARK [0][-]{chapter*.3}{List\040of\040Tables}{}% 5
\BOOKMARK [0][-]{chapter.1}{Introduction}{}% 6
\BOOKMARK [0][-]{chapter.2}{Jespersen's\040Cycles}{}% 7
\BOOKMARK [1][-]{section.2.1}{The\040Formal\040Cycle}{chapter.2}% 8
\BOOKMARK [1][-]{section.2.2}{The\040Functional\040Cycle}{chapter.2}% 9
\BOOKMARK [1][-]{section.2.3}{Causes\040of\040the\040cycles}{chapter.2}% 10
\BOOKMARK [2][-]{subsection.2.3.1}{Pull-Chain}{section.2.3}% 11
\BOOKMARK [2][-]{subsection.2.3.2}{Push-chain}{section.2.3}% 12
\BOOKMARK [1][-]{section.2.4}{Explaining\040the\040cycles}{chapter.2}% 13
\BOOKMARK [-1][-]{part.1}{I\040The\040Functional\040Cycle}{}% 14
\BOOKMARK [0][-]{chapter.3}{Evolutionary\040Game\040Theory}{part.1}% 15
\BOOKMARK [1][-]{section.3.1}{Games}{chapter.3}% 16
\BOOKMARK [1][-]{section.3.2}{Equilibria}{chapter.3}% 17
\BOOKMARK [2][-]{subsection.3.2.1}{Nash\040Equilbria}{section.3.2}% 18
\BOOKMARK [2][-]{subsection.3.2.2}{Evolutionarily\040Stable\040Strategies}{section.3.2}% 19
\BOOKMARK [1][-]{section.3.3}{Dynamics}{chapter.3}% 20
\BOOKMARK [1][-]{section.3.4}{Signaling}{chapter.3}% 21
\BOOKMARK [1][-]{section.3.5}{Behavioral\040dynamics}{chapter.3}% 22
\BOOKMARK [2][-]{subsection.3.5.1}{The\040Simplest\040Signaling\040Game}{section.3.5}% 23
\BOOKMARK [2][-]{subsection.3.5.2}{Common\040Interests}{section.3.5}% 24
\BOOKMARK [2][-]{subsection.3.5.3}{Conflicting\040Interests}{section.3.5}% 25
\BOOKMARK [0][-]{chapter.4}{Cycles}{part.1}% 26
\BOOKMARK [1][-]{section.4.1}{Emphasis}{chapter.4}% 27
\BOOKMARK [1][-]{section.4.2}{Experimental\040evidence}{chapter.4}% 28
\BOOKMARK [1][-]{section.4.3}{Signaling}{chapter.4}% 29
\BOOKMARK [1][-]{section.4.4}{Equilibria}{chapter.4}% 30
\BOOKMARK [1][-]{section.4.5}{Dynamics}{chapter.4}% 31
\BOOKMARK [1][-]{section.4.6}{Modeling}{chapter.4}% 32
\BOOKMARK [-1][-]{part.2}{II\040The\040Formal\040Cycle}{}% 33
\BOOKMARK [0][-]{chapter.5}{Stability}{part.2}% 34
\BOOKMARK [1][-]{section.5.1}{Acquisition}{chapter.5}% 35
\BOOKMARK [1][-]{section.5.2}{Dynamics}{chapter.5}% 36
\BOOKMARK [1][-]{section.5.3}{Syntactic\040Structure}{chapter.5}% 37
\BOOKMARK [1][-]{section.5.4}{Modeling}{chapter.5}% 38
\BOOKMARK [0][-]{chapter.6}{Chance}{part.2}% 39
\BOOKMARK [1][-]{section.6.1}{Drift}{chapter.6}% 40
\BOOKMARK [1][-]{section.6.2}{Dynamics}{chapter.6}% 41
\BOOKMARK [1][-]{section.6.3}{Modeling}{chapter.6}% 42
\BOOKMARK [0][-]{chapter.7}{Conclusion}{part.2}% 43
\BOOKMARK [0][-]{chapter*.9}{Bibliography}{part.2}% 44
