This is pdfTeX, Version 3.14159265-2.6-1.40.16 (TeX Live 2015) (preloaded format=pdflatex 2015.5.24)  12 JAN 2016 15:48
entering extended mode
 restricted \write18 enabled.
 file:line:error style messages enabled.
 %&-line parsing enabled.
**LaTeX_Dissertation_Template_for_Wharton.tex
(./LaTeX_Dissertation_Template_for_Wharton.tex
LaTeX2e <2015/01/01>
Babel <3.9l> and hyphenation patterns for 79 languages loaded.
(/usr/local/texlive/2015/texmf-dist/tex/latex/base/report.cls
Document Class: report 2014/09/29 v1.4h Standard LaTeX document class
(/usr/local/texlive/2015/texmf-dist/tex/latex/base/size11.clo
File: size11.clo 2014/09/29 v1.4h Standard LaTeX file (size option)
)
\c@part=\count79
\c@chapter=\count80
\c@section=\count81
\c@subsection=\count82
\c@subsubsection=\count83
\c@paragraph=\count84
\c@subparagraph=\count85
\c@figure=\count86
\c@table=\count87
\abovecaptionskip=\skip41
\belowcaptionskip=\skip42
\bibindent=\dimen102
)
(/usr/local/texlive/2015/texmf-dist/tex/latex/geometry/geometry.sty
Package: geometry 2010/09/12 v5.6 Page Geometry

(/usr/local/texlive/2015/texmf-dist/tex/latex/graphics/keyval.sty
Package: keyval 2014/10/28 v1.15 key=value parser (DPC)
\KV@toks@=\toks14
)
(/usr/local/texlive/texmf-local/tex/generic/oberdiek/ifpdf.sty
Package: ifpdf 2011/01/30 v2.3 Provides the ifpdf switch (HO)
Package ifpdf Info: pdfTeX in PDF mode is detected.
)
(/usr/local/texlive/texmf-local/tex/generic/oberdiek/ifvtex.sty
Package: ifvtex 2010/03/01 v1.5 Detect VTeX and its facilities (HO)
Package ifvtex Info: VTeX not detected.
)
(/usr/local/texlive/2015/texmf-dist/tex/generic/ifxetex/ifxetex.sty
Package: ifxetex 2010/09/12 v0.6 Provides ifxetex conditional
)
\Gm@cnth=\count88
\Gm@cntv=\count89
\c@Gm@tempcnt=\count90
\Gm@bindingoffset=\dimen103
\Gm@wd@mp=\dimen104
\Gm@odd@mp=\dimen105
\Gm@even@mp=\dimen106
\Gm@layoutwidth=\dimen107
\Gm@layoutheight=\dimen108
\Gm@layouthoffset=\dimen109
\Gm@layoutvoffset=\dimen110
\Gm@dimlist=\toks15
)
(/usr/local/texlive/2015/texmf-dist/tex/latex/setspace/setspace.sty
Package: setspace 2011/12/19 v6.7a set line spacing
)
(/usr/local/texlive/2015/texmf-dist/tex/latex/tools/calc.sty
Package: calc 2014/10/28 v4.3 Infix arithmetic (KKT,FJ)
\calc@Acount=\count91
\calc@Bcount=\count92
\calc@Adimen=\dimen111
\calc@Bdimen=\dimen112
\calc@Askip=\skip43
\calc@Bskip=\skip44
LaTeX Info: Redefining \setlength on input line 80.
LaTeX Info: Redefining \addtolength on input line 81.
\calc@Ccount=\count93
\calc@Cskip=\skip45
)
(/usr/local/texlive/2015/texmf-dist/tex/latex/tools/array.sty
Package: array 2014/10/28 v2.4c Tabular extension package (FMi)
\col@sep=\dimen113
\extrarowheight=\dimen114
\NC@list=\toks16
\extratabsurround=\skip46
\backup@length=\skip47
)
(/usr/local/texlive/2015/texmf-dist/tex/latex/tools/tabularx.sty
Package: tabularx 2014/10/28 v2.10 `tabularx' package (DPC)
\TX@col@width=\dimen115
\TX@old@table=\dimen116
\TX@old@col=\dimen117
\TX@target=\dimen118
\TX@delta=\dimen119
\TX@cols=\count94
\TX@ftn=\toks17
)
(/usr/local/texlive/2015/texmf-dist/tex/latex/booktabs/booktabs.sty
Package: booktabs 2005/04/14 v1.61803 publication quality tables
\heavyrulewidth=\dimen120
\lightrulewidth=\dimen121
\cmidrulewidth=\dimen122
\belowrulesep=\dimen123
\belowbottomsep=\dimen124
\aboverulesep=\dimen125
\abovetopsep=\dimen126
\cmidrulesep=\dimen127
\cmidrulekern=\dimen128
\defaultaddspace=\dimen129
\@cmidla=\count95
\@cmidlb=\count96
\@aboverulesep=\dimen130
\@belowrulesep=\dimen131
\@thisruleclass=\count97
\@lastruleclass=\count98
\@thisrulewidth=\dimen132
)
(/usr/local/texlive/2015/texmf-dist/tex/latex/tocloft/tocloft.sty
Package: tocloft 2013/05/02 v2.3f parameterised ToC, etc., typesetting
Package tocloft Info: The document has chapter divisions on input line 44.
\cftparskip=\skip48
\cftbeforetoctitleskip=\skip49
\cftaftertoctitleskip=\skip50
\cftbeforepartskip=\skip51
\cftpartnumwidth=\skip52
\cftpartindent=\skip53
\cftbeforechapskip=\skip54
\cftchapindent=\skip55
\cftchapnumwidth=\skip56
\cftbeforesecskip=\skip57
\cftsecindent=\skip58
\cftsecnumwidth=\skip59
\cftbeforesubsecskip=\skip60
\cftsubsecindent=\skip61
\cftsubsecnumwidth=\skip62
\cftbeforesubsubsecskip=\skip63
\cftsubsubsecindent=\skip64
\cftsubsubsecnumwidth=\skip65
\cftbeforeparaskip=\skip66
\cftparaindent=\skip67
\cftparanumwidth=\skip68
\cftbeforesubparaskip=\skip69
\cftsubparaindent=\skip70
\cftsubparanumwidth=\skip71
\cftbeforeloftitleskip=\skip72
\cftafterloftitleskip=\skip73
\cftbeforefigskip=\skip74
\cftfigindent=\skip75
\cftfignumwidth=\skip76
\c@lofdepth=\count99
\c@lotdepth=\count100
\cftbeforelottitleskip=\skip77
\cftafterlottitleskip=\skip78
\cftbeforetabskip=\skip79
\cfttabindent=\skip80
\cfttabnumwidth=\skip81
)
\mylen=\skip82
\mylent=\skip83

(/usr/local/texlive/2015/texmf-dist/tex/latex/carlisle/remreset.sty)
\mylenf=\skip84

(/usr/local/texlive/2015/texmf-dist/tex/latex/titlesec/titlesec.sty
Package: titlesec 2011/12/15 v2.10.0 Sectioning titles
\ttl@box=\box26
\beforetitleunit=\skip85
\aftertitleunit=\skip86
\ttl@plus=\dimen133
\ttl@minus=\dimen134
\ttl@toksa=\toks18
\titlewidth=\dimen135
\titlewidthlast=\dimen136
\titlewidthfirst=\dimen137
)
(/usr/local/texlive/2015/texmf-dist/tex/latex/parskip/parskip.sty
Package: parskip 2001/04/09 non-zero parskip adjustments
)
(/usr/local/texlive/2015/texmf-dist/tex/latex/url/url.sty
\Urlmuskip=\muskip10
Package: url 2013/09/16  ver 3.4  Verb mode for urls, etc.
)
(/usr/local/texlive/2015/texmf-dist/tex/latex/natbib/natbib.sty
Package: natbib 2010/09/13 8.31b (PWD, AO)
\bibhang=\skip87
\bibsep=\skip88
LaTeX Info: Redefining \cite on input line 694.
\c@NAT@ctr=\count101
)
(/usr/local/texlive/2015/texmf-dist/tex/latex/amsfonts/amssymb.sty
Package: amssymb 2013/01/14 v3.01 AMS font symbols

(/usr/local/texlive/2015/texmf-dist/tex/latex/amsfonts/amsfonts.sty
Package: amsfonts 2013/01/14 v3.01 Basic AMSFonts support
\@emptytoks=\toks19
\symAMSa=\mathgroup4
\symAMSb=\mathgroup5
LaTeX Font Info:    Overwriting math alphabet `\mathfrak' in version `bold'
(Font)                  U/euf/m/n --> U/euf/b/n on input line 106.
))
(/usr/local/texlive/2015/texmf-dist/tex/latex/amsmath/amsmath.sty
Package: amsmath 2013/01/14 v2.14 AMS math features
\@mathmargin=\skip89

For additional information on amsmath, use the `?' option.
(/usr/local/texlive/2015/texmf-dist/tex/latex/amsmath/amstext.sty
Package: amstext 2000/06/29 v2.01

(/usr/local/texlive/2015/texmf-dist/tex/latex/amsmath/amsgen.sty
File: amsgen.sty 1999/11/30 v2.0
\@emptytoks=\toks20
\ex@=\dimen138
))
(/usr/local/texlive/2015/texmf-dist/tex/latex/amsmath/amsbsy.sty
Package: amsbsy 1999/11/29 v1.2d
\pmbraise@=\dimen139
)
(/usr/local/texlive/2015/texmf-dist/tex/latex/amsmath/amsopn.sty
Package: amsopn 1999/12/14 v2.01 operator names
)
\inf@bad=\count102
LaTeX Info: Redefining \frac on input line 210.
\uproot@=\count103
\leftroot@=\count104
LaTeX Info: Redefining \overline on input line 306.
\classnum@=\count105
\DOTSCASE@=\count106
LaTeX Info: Redefining \ldots on input line 378.
LaTeX Info: Redefining \dots on input line 381.
LaTeX Info: Redefining \cdots on input line 466.
\Mathstrutbox@=\box27
\strutbox@=\box28
\big@size=\dimen140
LaTeX Font Info:    Redeclaring font encoding OML on input line 566.
LaTeX Font Info:    Redeclaring font encoding OMS on input line 567.
\macc@depth=\count107
\c@MaxMatrixCols=\count108
\dotsspace@=\muskip11
\c@parentequation=\count109
\dspbrk@lvl=\count110
\tag@help=\toks21
\row@=\count111
\column@=\count112
\maxfields@=\count113
\andhelp@=\toks22
\eqnshift@=\dimen141
\alignsep@=\dimen142
\tagshift@=\dimen143
\tagwidth@=\dimen144
\totwidth@=\dimen145
\lineht@=\dimen146
\@envbody=\toks23
\multlinegap=\skip90
\multlinetaggap=\skip91
\mathdisplay@stack=\toks24
LaTeX Info: Redefining \[ on input line 2665.
LaTeX Info: Redefining \] on input line 2666.
)
(/usr/local/texlive/2015/texmf-dist/tex/latex/graphics/graphicx.sty
Package: graphicx 2014/10/28 v1.0g Enhanced LaTeX Graphics (DPC,SPQR)

(/usr/local/texlive/2015/texmf-dist/tex/latex/graphics/graphics.sty
Package: graphics 2014/10/28 v1.0p Standard LaTeX Graphics (DPC,SPQR)

(/usr/local/texlive/2015/texmf-dist/tex/latex/graphics/trig.sty
Package: trig 1999/03/16 v1.09 sin cos tan (DPC)
)
(/usr/local/texlive/2015/texmf-dist/tex/latex/latexconfig/graphics.cfg
File: graphics.cfg 2010/04/23 v1.9 graphics configuration of TeX Live
)
Package graphics Info: Driver file: pdftex.def on input line 94.

(/usr/local/texlive/2015/texmf-dist/tex/latex/pdftex-def/pdftex.def
File: pdftex.def 2011/05/27 v0.06d Graphics/color for pdfTeX

(/usr/local/texlive/texmf-local/tex/generic/oberdiek/infwarerr.sty
Package: infwarerr 2010/04/08 v1.3 Providing info/warning/error messages (HO)
)
(/usr/local/texlive/texmf-local/tex/generic/oberdiek/ltxcmds.sty
Package: ltxcmds 2011/11/09 v1.22 LaTeX kernel commands for general use (HO)
)
\Gread@gobject=\count114
))
\Gin@req@height=\dimen147
\Gin@req@width=\dimen148
)
(/usr/local/texlive/2015/texmf-dist/tex/latex/tools/longtable.sty
Package: longtable 2014/10/28 v4.11 Multi-page Table package (DPC)
\LTleft=\skip92
\LTright=\skip93
\LTpre=\skip94
\LTpost=\skip95
\LTchunksize=\count115
\LTcapwidth=\dimen149
\LT@head=\box29
\LT@firsthead=\box30
\LT@foot=\box31
\LT@lastfoot=\box32
\LT@cols=\count116
\LT@rows=\count117
\c@LT@tables=\count118
\c@LT@chunks=\count119
\LT@p@ftn=\toks25
)
(/usr/local/texlive/2015/texmf-dist/tex/latex/tools/dcolumn.sty
Package: dcolumn 2014/10/28 v1.06 decimal alignment package (DPC)
)
(/usr/local/texlive/2015/texmf-dist/tex/latex/rotating/rotating.sty
Package: rotating 2009/03/28 v2.16a rotated objects in LaTeX

(/usr/local/texlive/2015/texmf-dist/tex/latex/base/ifthen.sty
Package: ifthen 2014/09/29 v1.1c Standard LaTeX ifthen package (DPC)
)
\c@r@tfl@t=\count120
\rotFPtop=\skip96
\rotFPbot=\skip97
\rot@float@box=\box33
\rot@mess@toks=\toks26
)
(/usr/local/texlive/2015/texmf-dist/tex/latex/xtab/xtab.sty
Package: xtab 2011/07/31 v2.3f Extended supertabular package
\c@tracingst=\count121
\PWSTcapht=\dimen150
\ST@wd=\dimen151
\ST@rightskip=\skip98
\ST@leftskip=\skip99
\ST@parfillskip=\skip100
\c@PWSTtable=\count122
\PWSTlastpage=\count123
\PWSTpenultimate=\count124
\PWSTcurpage=\count125
\PWSTtempc=\count126
\PWSTlines=\count127
\PWST@lastht=\dimen152
\PWST@generalht=\dimen153
\PWST@ht=\dimen154
\ST@pageleft=\dimen155
\ST@headht=\dimen156
\ST@tailht=\dimen157
\ST@pagesofar=\dimen158
\ST@pboxht=\dimen159
\ST@lineht=\dimen160
\ST@stretchht=\dimen161
\ST@prevht=\dimen162
\ST@toadd=\dimen163
\ST@dimen=\dimen164
\ST@pbox=\box34
)
(/usr/local/texlive/2015/texmf-dist/tex/latex/paralist/paralist.sty
Package: paralist 2013/06/09 v2.4 Extended list environments
\pltopsep=\skip101
\plpartopsep=\skip102
\plitemsep=\skip103
\plparsep=\skip104
\pl@lab=\toks27
)
(/usr/local/texlive/2015/texmf-dist/tex/latex/tools/verbatim.sty
Package: verbatim 2014/10/28 v1.5q LaTeX2e package for verbatim enhancements
\every@verbatim=\toks28
\verbatim@line=\toks29
\verbatim@in@stream=\read1
)
(./subfiles.sty
Package: subfiles 2012/05/23 Federico Garcia
) (./LaTeX_Dissertation_Template_for_Wharton.aux)
\openout1 = `LaTeX_Dissertation_Template_for_Wharton.aux'.

LaTeX Font Info:    Checking defaults for OML/cmm/m/it on input line 94.
LaTeX Font Info:    ... okay on input line 94.
LaTeX Font Info:    Checking defaults for T1/cmr/m/n on input line 94.
LaTeX Font Info:    ... okay on input line 94.
LaTeX Font Info:    Checking defaults for OT1/cmr/m/n on input line 94.
LaTeX Font Info:    ... okay on input line 94.
LaTeX Font Info:    Checking defaults for OMS/cmsy/m/n on input line 94.
LaTeX Font Info:    ... okay on input line 94.
LaTeX Font Info:    Checking defaults for OMX/cmex/m/n on input line 94.
LaTeX Font Info:    ... okay on input line 94.
LaTeX Font Info:    Checking defaults for U/cmr/m/n on input line 94.
LaTeX Font Info:    ... okay on input line 94.

*geometry* driver: auto-detecting
*geometry* detected driver: pdftex
*geometry* verbose mode - [ preamble ] result:
* driver: pdftex
* paper: custom
* layout: <same size as paper>
* layoutoffset:(h,v)=(0.0pt,0.0pt)
* modes: includehead includefoot 
* h-part:(L,W,R)=(108.405pt, 433.62001pt, 72.26999pt)
* v-part:(T,H,B)=(72.26999pt, 650.43001pt, 72.26999pt)
* \paperwidth=614.295pt
* \paperheight=794.96999pt
* \textwidth=433.62001pt
* \textheight=620.43001pt
* \oddsidemargin=36.13501pt
* \evensidemargin=36.13501pt
* \topmargin=0.0pt
* \headheight=0.0pt
* \headsep=0.0pt
* \topskip=11.0pt
* \footskip=30.0pt
* \marginparwidth=59.0pt
* \marginparsep=10.0pt
* \columnsep=10.0pt
* \skip\footins=10.0pt plus 4.0pt minus 2.0pt
* \hoffset=0.0pt
* \voffset=0.0pt
* \mag=1000
* \@twocolumnfalse
* \@twosidefalse
* \@mparswitchfalse
* \@reversemarginfalse
* (1in=72.27pt=25.4mm, 1cm=28.453pt)

(/usr/local/texlive/2015/texmf-dist/tex/context/base/supp-pdf.mkii
[Loading MPS to PDF converter (version 2006.09.02).]
\scratchcounter=\count128
\scratchdimen=\dimen165
\scratchbox=\box35
\nofMPsegments=\count129
\nofMParguments=\count130
\everyMPshowfont=\toks30
\MPscratchCnt=\count131
\MPscratchDim=\dimen166
\MPnumerator=\count132
\makeMPintoPDFobject=\count133
\everyMPtoPDFconversion=\toks31
) (/usr/local/texlive/texmf-local/tex/generic/oberdiek/pdftexcmds.sty
Package: pdftexcmds 2011/11/29 v0.20 Utility functions of pdfTeX for LuaTeX (HO
)

(/usr/local/texlive/texmf-local/tex/generic/oberdiek/ifluatex.sty
Package: ifluatex 2010/03/01 v1.3 Provides the ifluatex switch (HO)
Package ifluatex Info: LuaTeX not detected.
)
Package pdftexcmds Info: LuaTeX not detected.
Package pdftexcmds Info: \pdf@primitive is available.
Package pdftexcmds Info: \pdf@ifprimitive is available.
Package pdftexcmds Info: \pdfdraftmode found.
)
(/usr/local/texlive/texmf-local/tex/latex/oberdiek/epstopdf-base.sty
Package: epstopdf-base 2010/02/09 v2.5 Base part for package epstopdf

(/usr/local/texlive/texmf-local/tex/latex/oberdiek/grfext.sty
Package: grfext 2010/08/19 v1.1 Manage graphics extensions (HO)

(/usr/local/texlive/texmf-local/tex/generic/oberdiek/kvdefinekeys.sty
Package: kvdefinekeys 2011/04/07 v1.3 Define keys (HO)
))
(/usr/local/texlive/texmf-local/tex/latex/oberdiek/kvoptions.sty
Package: kvoptions 2011/06/30 v3.11 Key value format for package options (HO)

(/usr/local/texlive/texmf-local/tex/generic/oberdiek/kvsetkeys.sty
Package: kvsetkeys 2012/04/25 v1.16 Key value parser (HO)

(/usr/local/texlive/texmf-local/tex/generic/oberdiek/etexcmds.sty
Package: etexcmds 2011/02/16 v1.5 Avoid name clashes with e-TeX commands (HO)
Package etexcmds Info: Could not find \expanded.
(etexcmds)             That can mean that you are not using pdfTeX 1.50 or
(etexcmds)             that some package has redefined \expanded.
(etexcmds)             In the latter case, load this package earlier.
)))
Package grfext Info: Graphics extension search list:
(grfext)             [.png,.pdf,.jpg,.mps,.jpeg,.jbig2,.jb2,.PNG,.PDF,.JPG,.JPE
G,.JBIG2,.JB2,.eps]
(grfext)             \AppendGraphicsExtensions on input line 452.

(/usr/local/texlive/2015/texmf-dist/tex/latex/latexconfig/epstopdf-sys.cfg
File: epstopdf-sys.cfg 2010/07/13 v1.3 Configuration of (r)epstopdf for TeX Liv
e
))
\superlen=\skip105
\chairlen=\skip106
\maxlen=\skip107

(/usr/local/texlive/2015/texmf-dist/tex/latex/amsfonts/umsa.fd)
(/usr/local/texlive/2015/texmf-dist/tex/latex/amsfonts/umsb.fd)
Underfull \hbox (badness 10000) in alignment at lines 173--173
[] 
 []

[1

{/usr/local/texlive/2015/texmf-var/fonts/map/pdftex/updmap/pdftex.map}]
LaTeX Font Info:    Try loading font information for OMS+cmr on input line 209.


(/usr/local/texlive/2015/texmf-dist/tex/latex/base/omscmr.fd
File: omscmr.fd 2014/09/29 v2.5h Standard LaTeX font definitions
)
LaTeX Font Info:    Font shape `OMS/cmr/m/n' in size <10.95> not available
(Font)              Font shape `OMS/cmsy/m/n' tried instead on input line 209.
 [1] [3] [4


]
[5


] (./LaTeX_Dissertation_Template_for_Wharton.toc)
\tf@toc=\write3
\openout3 = `LaTeX_Dissertation_Template_for_Wharton.toc'.

 [6

]
(./LaTeX_Dissertation_Template_for_Wharton.lot)
\tf@lot=\write4
\openout4 = `LaTeX_Dissertation_Template_for_Wharton.lot'.

 [7

]
(./LaTeX_Dissertation_Template_for_Wharton.lof)
\tf@lof=\write5
\openout5 = `LaTeX_Dissertation_Template_for_Wharton.lof'.

 [8

] [9


]
Appendix A.
No file LaTeX_Dissertation_Template_for_Wharton.bbl.
[1


] (./LaTeX_Dissertation_Template_for_Wharton.aux) ) 
Here is how much of TeX's memory you used:
 4613 strings out of 493089
 62467 string characters out of 6134842
 135332 words of memory out of 5000000
 7988 multiletter control sequences out of 15000+600000
 9100 words of font info for 35 fonts, out of 8000000 for 9000
 1141 hyphenation exceptions out of 8191
 38i,8n,32p,453b,319s stack positions out of 5000i,500n,10000p,200000b,80000s
</usr/local/texlive/2015/tex
mf-dist/fonts/type1/public/amsfonts/cm/cmr10.pfb></usr/local/texlive/2015/texmf
-dist/fonts/type1/public/amsfonts/cm/cmr12.pfb></usr/local/texlive/2015/texmf-d
ist/fonts/type1/public/amsfonts/cm/cmsy10.pfb></usr/local/texlive/2015/texmf-di
st/fonts/type1/public/amsfonts/cm/cmti10.pfb></usr/local/texlive/2015/texmf-dis
t/fonts/type1/public/amsfonts/cm/cmtt10.pfb>
Output written on LaTeX_Dissertation_Template_for_Wharton.pdf (10 pages, 68772 
bytes).
PDF statistics:
 57 PDF objects out of 1000 (max. 8388607)
 39 compressed objects within 1 object stream
 0 named destinations out of 1000 (max. 500000)
 1 words of extra memory for PDF output out of 10000 (max. 10000000)

