mktextfm ybvr8t
mktextfm ybvr8t
mktextfm ybvr8t
mktextfm ybvr8t
mktextfm ybvb8t
mktextfm nullfont
mktextfm ybvr8t
mktextfm ybvr8t
mktextfm ybvr8t
mktextfm ybvr8t
mktextfm ybvb8t
mktextfm nullfont
mktextfm ybvr8t
mktextfm ybvr8t
mktextfm ybvr8t
mktextfm ybvr8t
mktextfm ybvb8t
mktextfm nullfont
mktextfm Baskerville
mktextfm Baskerville
mktextfm Baskerville
mktextfm Baskerville
mktextfm Baskerville/B
mktextfm Baskerville
mktextfm Baskerville/I
mktextfm Baskerville
mktextfm Baskerville/BI
mktextfm Baskerville
mktextfm Baskerville
mktextfm Baskerville
mktextfm Baskerville
mktextfm Baskerville/B
mktextfm Baskerville
mktextfm Baskerville/I
mktextfm Baskerville
mktextfm Baskerville/BI
mktextfm Baskerville
mktextfm Baskerville
mktextfm Baskerville
mktextfm Baskerville
mktextfm Baskerville/B
mktextfm Baskerville
mktextfm Baskerville/I
mktextfm Baskerville
mktextfm Baskerville/BI
mktextfm Baskerville
mktextfm Baskerville
mktextfm Baskerville
mktextfm Baskerville
mktextfm Baskerville/B
mktextfm Baskerville
mktextfm Baskerville/I
mktextfm Baskerville
mktextfm Baskerville/BI
mktextfm Arial
mktextfm Arial
mktextfm Arial
mktextfm Arial
mktextfm Arial/B
mktextfm Arial
mktextfm Arial/I
mktextfm Arial
mktextfm Arial/BI
mktextfm Arial
mktextfm Arial
mktextfm Arial
mktextfm Arial
mktextfm Arial/B
mktextfm Arial
mktextfm Arial/I
mktextfm Arial
mktextfm Arial/BI
