This is pdfTeX, Version 3.1415926-2.5-1.40.14 (TeX Live 2013/Debian) (format=pdflatex 2015.7.27)  2 DEC 2015 11:55
entering extended mode
 restricted \write18 enabled.
 %&-line parsing enabled.
**Ahern-Dissertation.tex
(./Ahern-Dissertation.tex
LaTeX2e <2011/06/27>
Babel <3.9l> and hyphenation patterns for 8 languages loaded.
(./upenndiss.cls
Document Class: upenndiss 2000/5/24 U. Penn Dissertation Class for LaTeX2e
(/usr/share/texlive/texmf-dist/tex/latex/base/report.cls
Document Class: report 2007/10/19 v1.4h Standard LaTeX document class
(/usr/share/texlive/texmf-dist/tex/latex/base/size12.clo
File: size12.clo 2007/10/19 v1.4h Standard LaTeX file (size option)
)
\c@part=\count79
\c@chapter=\count80
\c@section=\count81
\c@subsection=\count82
\c@subsubsection=\count83
\c@paragraph=\count84
\c@subparagraph=\count85
\c@figure=\count86
\c@table=\count87
\abovecaptionskip=\skip41
\belowcaptionskip=\skip42
\bibindent=\dimen102
)
(/usr/share/texlive/texmf-dist/tex/latex/setspace/setspace.sty
Package: setspace 2011/12/19 v6.7a set line spacing
))
(/usr/share/texlive/texmf-dist/tex/latex/natbib/natbib.sty
Package: natbib 2010/09/13 8.31b (PWD, AO)
\bibhang=\skip43
\bibsep=\skip44
LaTeX Info: Redefining \cite on input line 694.
\c@NAT@ctr=\count88
)
(/usr/share/texlive/texmf-dist/tex/latex/amsmath/amsmath.sty
Package: amsmath 2013/01/14 v2.14 AMS math features
\@mathmargin=\skip45

For additional information on amsmath, use the `?' option.
(/usr/share/texlive/texmf-dist/tex/latex/amsmath/amstext.sty
Package: amstext 2000/06/29 v2.01

(/usr/share/texlive/texmf-dist/tex/latex/amsmath/amsgen.sty
File: amsgen.sty 1999/11/30 v2.0
\@emptytoks=\toks14
\ex@=\dimen103
))
(/usr/share/texlive/texmf-dist/tex/latex/amsmath/amsbsy.sty
Package: amsbsy 1999/11/29 v1.2d
\pmbraise@=\dimen104
)
(/usr/share/texlive/texmf-dist/tex/latex/amsmath/amsopn.sty
Package: amsopn 1999/12/14 v2.01 operator names
)
\inf@bad=\count89
LaTeX Info: Redefining \frac on input line 210.
\uproot@=\count90
\leftroot@=\count91
LaTeX Info: Redefining \overline on input line 306.
\classnum@=\count92
\DOTSCASE@=\count93
LaTeX Info: Redefining \ldots on input line 378.
LaTeX Info: Redefining \dots on input line 381.
LaTeX Info: Redefining \cdots on input line 466.
\Mathstrutbox@=\box26
\strutbox@=\box27
\big@size=\dimen105
LaTeX Font Info:    Redeclaring font encoding OML on input line 566.
LaTeX Font Info:    Redeclaring font encoding OMS on input line 567.
\macc@depth=\count94
\c@MaxMatrixCols=\count95
\dotsspace@=\muskip10
\c@parentequation=\count96
\dspbrk@lvl=\count97
\tag@help=\toks15
\row@=\count98
\column@=\count99
\maxfields@=\count100
\andhelp@=\toks16
\eqnshift@=\dimen106
\alignsep@=\dimen107
\tagshift@=\dimen108
\tagwidth@=\dimen109
\totwidth@=\dimen110
\lineht@=\dimen111
\@envbody=\toks17
\multlinegap=\skip46
\multlinetaggap=\skip47
\mathdisplay@stack=\toks18
LaTeX Info: Redefining \[ on input line 2665.
LaTeX Info: Redefining \] on input line 2666.
)
(/usr/share/texlive/texmf-dist/tex/latex/booktabs/booktabs.sty
Package: booktabs 2005/04/14 v1.61803 publication quality tables
\heavyrulewidth=\dimen112
\lightrulewidth=\dimen113
\cmidrulewidth=\dimen114
\belowrulesep=\dimen115
\belowbottomsep=\dimen116
\aboverulesep=\dimen117
\abovetopsep=\dimen118
\cmidrulesep=\dimen119
\cmidrulekern=\dimen120
\defaultaddspace=\dimen121
\@cmidla=\count101
\@cmidlb=\count102
\@aboverulesep=\dimen122
\@belowrulesep=\dimen123
\@thisruleclass=\count103
\@lastruleclass=\count104
\@thisrulewidth=\dimen124
)
(/usr/share/texlive/texmf-dist/tex/latex/graphics/graphicx.sty
Package: graphicx 1999/02/16 v1.0f Enhanced LaTeX Graphics (DPC,SPQR)

(/usr/share/texlive/texmf-dist/tex/latex/graphics/keyval.sty
Package: keyval 1999/03/16 v1.13 key=value parser (DPC)
\KV@toks@=\toks19
)
(/usr/share/texlive/texmf-dist/tex/latex/graphics/graphics.sty
Package: graphics 2009/02/05 v1.0o Standard LaTeX Graphics (DPC,SPQR)

(/usr/share/texlive/texmf-dist/tex/latex/graphics/trig.sty
Package: trig 1999/03/16 v1.09 sin cos tan (DPC)
)
(/usr/share/texlive/texmf-dist/tex/latex/latexconfig/graphics.cfg
File: graphics.cfg 2010/04/23 v1.9 graphics configuration of TeX Live
)
Package graphics Info: Driver file: pdftex.def on input line 91.

(/usr/share/texlive/texmf-dist/tex/latex/pdftex-def/pdftex.def
File: pdftex.def 2011/05/27 v0.06d Graphics/color for pdfTeX

(/usr/share/texlive/texmf-dist/tex/generic/oberdiek/infwarerr.sty
Package: infwarerr 2010/04/08 v1.3 Providing info/warning/error messages (HO)
)
(/usr/share/texlive/texmf-dist/tex/generic/oberdiek/ltxcmds.sty
Package: ltxcmds 2011/11/09 v1.22 LaTeX kernel commands for general use (HO)
)
\Gread@gobject=\count105
))
\Gin@req@height=\dimen125
\Gin@req@width=\dimen126
)
(/usr/share/texlive/texmf-dist/tex/latex/floatrow/floatrow.sty
Package: floatrow 2008/08/02 v0.3b floatrow: float package extension

(/usr/share/texlive/texmf-dist/tex/latex/caption/caption3.sty
Package: caption3 2013/05/02 v1.6-88 caption3 kernel (AR)
Package caption3 Info: TeX engine: e-TeX on input line 57.
\captionmargin=\dimen127
\captionmargin@=\dimen128
\captionwidth=\dimen129
\caption@tempdima=\dimen130
\caption@indent=\dimen131
\caption@parindent=\dimen132
\caption@hangindent=\dimen133
)
\c@float@type=\count106
\float@exts=\toks20
\float@box=\box28
\@floatcapt=\box29
Package floatrow Info: Modified float package code loaded on input line 455.
Package floatrow Info: Modified rotfloat package code loaded on input line 473.

\FR@everyfloat=\toks21
\flrow@foot=\insert233
\FB@wd=\dimen134
\FBo@wd=\dimen135
\FBc@wd=\dimen136
\FBo@ht=\skip48
\FBc@ht=\skip49
\FBf@ht=\skip50
\FBo@max=\skip51
\FBc@max=\skip52
\FBf@max=\skip53
\c@FBl@b=\count107
\floatbox@depth=\count108
\c@FRobj=\count109
\c@FRsobj=\count110
\Xhsize=\skip54
\sXhsize=\skip55
\Zhsize=\skip56
\sZhsize=\skip57
\flrow@rowbox=\box30
\FR@Zunitlength=\dimen137
\c@FBcnt=\count111
\FPOScnt=\count112
\LTleft=\skip58
\LTright=\skip59
\LTleft=\skip60
\LTright=\skip61
\flrow@types=\toks22
)
(/usr/share/texlive/texmf-dist/tex/latex/multirow/multirow.sty
\bigstrutjot=\dimen138
)
(/usr/share/texlive/texmf-dist/tex/latex/enumitem/enumitem.sty
Package: enumitem 2011/09/28 v3.5.2 Customized lists
\labelindent=\skip62
\enit@outerparindent=\dimen139
\enit@toks=\toks23
\enit@inbox=\box31
\enitdp@description=\count113
)
(/usr/share/texlive/texmf-dist/tex/latex/psnfss/times.sty
Package: times 2005/04/12 PSNFSS-v9.2a (SPQR) 
)
(/usr/share/texlive/texmf-dist/tex/latex/sectsty/sectsty.sty
Package: sectsty 2002/02/25 v2.0.2 Commands to change all sectional heading sty
les
)
(/usr/share/texlive/texmf-dist/tex/latex/subfigure/subfigure.sty
Package: subfigure 2002/03/15 v2.1.5 subfigure package
\subfigtopskip=\skip63
\subfigcapskip=\skip64
\subfigcaptopadj=\dimen140
\subfigbottomskip=\skip65
\subfigcapmargin=\dimen141
\subfiglabelskip=\skip66
\c@subfigure=\count114
\c@lofdepth=\count115
\c@subtable=\count116
\c@lotdepth=\count117

****************************************
* Local config file subfigure.cfg used *
****************************************
(/usr/share/texlive/texmf-dist/tex/latex/subfigure/subfigure.cfg)
\subfig@top=\skip67
\subfig@bottom=\skip68
)
(/usr/share/texlive/texmf-dist/tex/latex/amscls/amsthm.sty
Package: amsthm 2004/08/06 v2.20
\thm@style=\toks24
\thm@bodyfont=\toks25
\thm@headfont=\toks26
\thm@notefont=\toks27
\thm@headpunct=\toks28
\thm@preskip=\skip69
\thm@postskip=\skip70
\thm@headsep=\skip71
\dth@everypar=\toks29
)
(/usr/share/texlive/texmf-dist/tex/latex/amsfonts/amsfonts.sty
Package: amsfonts 2013/01/14 v3.01 Basic AMSFonts support
\symAMSa=\mathgroup4
\symAMSb=\mathgroup5
LaTeX Font Info:    Overwriting math alphabet `\mathfrak' in version `bold'
(Font)                  U/euf/m/n --> U/euf/b/n on input line 106.
)
(/usr/share/texlive/texmf-dist/tex/latex/amsfonts/amssymb.sty
Package: amssymb 2013/01/14 v3.01 AMS font symbols
)
\c@definition=\count118

(/home/cahern/Dropbox/texmf/tex/latex/linguex.sty
Package: linguex 2013/05/28 Example formatting for linguistics v. 4.3

(/usr/share/texlive/texmf-dist/tex/latex/tools/xspace.sty
Package: xspace 2009/10/20 v1.13 Space after command names (DPC,MH)
)
(/home/cahern/texmf/tex/latex/gb4e/cgloss4e.sty
\lineone=\box32
\linetwo=\box33
\linethree=\box34
\wordone=\box35
\wordtwo=\box36
\wordthree=\box37
\gline=\box38
\glossglue=\skip72
)
\c@ExNo=\count119
\c@SubExNo=\count120
\c@SubSubExNo=\count121
\c@FnExNo=\count122
\c@ABC=\count123
\currentlabel=\skip73
\lessthanten=\skip74
\lessthanhundred=\skip75
\lessthanthousand=\skip76
\@Exleftmargin=\skip77
\Exlabelwidth=\skip78
\Extopsep=\skip79
\Exindent=\skip80
\SubExleftmargin=\skip81
\SubSubExleftmargin=\skip82
\Exlabelsep=\skip83
\alignSubExnegindent=\skip84
\Exredux=\skip85
\digitwidth=\skip86
\mindigitwidth=\skip87
\c@ExDepth=\count124
\c@TempExDepth=\count125
\CollectTokens=\toks30
LaTeX Info: Redefining \b on input line 307.
LaTeX Info: Redefining \c on input line 311.
LaTeX Info: Redefining \d on input line 313.
\c@tmpaEx=\count126
)
(/home/cahern/texmf/tex/latex/betababel/betababel.sty
Package: betababel 2005/07/10 v0.5 betababel.sty Beta Code for Babel package

(/home/cahern/texmf/tex/generic/babel/babel.sty
Package: babel 2014/09/25 3.9l The Babel package

(/usr/share/texlive/texmf-dist/tex/generic/babel-greek/greek.ldf
Language: greek 2013/12/03 v1.8a Greek support for the babel system

(/home/cahern/texmf/tex/generic/babel/babel.def
File: babel.def 2014/09/25 3.9l Babel common definitions
\babel@savecnt=\count127
\U@D=\dimen142
)
(/usr/share/texlive/texmf-dist/tex/latex/greek-fontenc/lgrenc.def
File: lgrenc.def 2013/07/16 v0.9 LGR Greek font encoding definitions

(/usr/share/texlive/texmf-dist/tex/latex/greek-fontenc/greek-fontenc.def
File: greek-fontenc.def 2013/11/28 v0.11 Common Greek font encoding definitions

)))
(/usr/share/texlive/texmf-dist/tex/generic/babel-english/english.ldf
Language: english 2012/08/20 v3.3p English support from the babel system
\l@canadian = a dialect from \language\l@american 
\l@australian = a dialect from \language\l@british 
\l@newzealand = a dialect from \language\l@british 
))
(/usr/share/texlive/texmf-dist/tex/latex/teubner/teubner.sty
Package: teubner 2013/12/31 v.4.2 Extensions for Greek philology

(/home/cahern/texmf/tex/generic/iftex/iftex.sty
Package: iftex 2013/04/04 v0.2 Provides if(tex) conditional for PDFTeX, XeTeX, 
and LuaTeX
)
(/usr/share/texlive/texmf-dist/tex/latex/base/ifthen.sty
Package: ifthen 2001/05/26 v1.1c Standard LaTeX ifthen package (DPC)
)
(/usr/share/texlive/texmf-dist/tex/latex/base/exscale.sty
Package: exscale 2007/10/29 v2.1h Standard LaTeX package exscale
LaTeX Font Info:    Redeclaring symbol font `largesymbols' on input line 52.
LaTeX Font Info:    Overwriting symbol font `largesymbols' in version `normal'
(Font)                  OMX/cmex/m/n --> OMX/cmex/m/n on input line 52.
LaTeX Font Info:    Overwriting symbol font `largesymbols' in version `bold'
(Font)                  OMX/cmex/m/n --> OMX/cmex/m/n on input line 52.
\big@size=\dimen143
)
LaTeX Info: Redefining \textlatin on input line 185.
LaTeX Info: Redefining \cap on input line 256.
LaTeX Info: Redefining \: on input line 703.
LaTeX Info: Redefining \; on input line 704.
LaTeX Info: Redefining \| on input line 714.
LaTeX Info: Redefining \star on input line 888.
\c@verso=\count128
\c@subverso=\count129
\versoskip=\skip88
LaTeX Info: Redefining \breve on input line 1102.
\br@cedmetrics=\skip89

(/usr/share/texlive/texmf-dist/tex/latex/tools/trace.sty
Package: trace 2003/04/30 v1.1c trace LaTeX code
)
LaTeX Info: Redefining \Greeknumeral on input line 1189.
LaTeX Info: Redefining \greeknumeral on input line 1192.
)
\betaskip=\skip90
\suffix@=\count130
\Bet@Mode=\count131
\FirstP@r=\count132
\FirstWord@=\count133
\Ch@rCode=\count134
)
(/home/cahern/texmf/tex/latex/tikz-qtree/tikz-qtree.sty
(/usr/share/texmf/tex/latex/pgf/frontendlayer/tikz.sty
(/usr/share/texmf/tex/latex/pgf/basiclayer/pgf.sty
(/usr/share/texmf/tex/latex/pgf/utilities/pgfrcs.sty
(/usr/share/texmf/tex/generic/pgf/utilities/pgfutil-common.tex
\pgfutil@everybye=\toks31
)
(/usr/share/texmf/tex/generic/pgf/utilities/pgfutil-latex.def
\pgfutil@abb=\box39

(/usr/share/texlive/texmf-dist/tex/latex/ms/everyshi.sty
Package: everyshi 2001/05/15 v3.00 EveryShipout Package (MS)
))
(/usr/share/texmf/tex/generic/pgf/utilities/pgfrcs.code.tex
Package: pgfrcs 2010/10/25 v2.10 (rcs-revision 1.24)
))
Package: pgf 2008/01/15 v2.10 (rcs-revision 1.12)

(/usr/share/texmf/tex/latex/pgf/basiclayer/pgfcore.sty
(/usr/share/texmf/tex/latex/pgf/systemlayer/pgfsys.sty
(/usr/share/texmf/tex/generic/pgf/systemlayer/pgfsys.code.tex
Package: pgfsys 2010/06/30 v2.10 (rcs-revision 1.37)

(/usr/share/texmf/tex/generic/pgf/utilities/pgfkeys.code.tex
\pgfkeys@pathtoks=\toks32
\pgfkeys@temptoks=\toks33

(/usr/share/texmf/tex/generic/pgf/utilities/pgfkeysfiltered.code.tex
\pgfkeys@tmptoks=\toks34
))
\pgf@x=\dimen144
\pgf@y=\dimen145
\pgf@xa=\dimen146
\pgf@ya=\dimen147
\pgf@xb=\dimen148
\pgf@yb=\dimen149
\pgf@xc=\dimen150
\pgf@yc=\dimen151
\w@pgf@writea=\write3
\r@pgf@reada=\read1
\c@pgf@counta=\count135
\c@pgf@countb=\count136
\c@pgf@countc=\count137
\c@pgf@countd=\count138

(/usr/share/texmf/tex/generic/pgf/systemlayer/pgf.cfg
File: pgf.cfg 2008/05/14  (rcs-revision 1.7)
)
Package pgfsys Info: Driver file for pgf: pgfsys-pdftex.def on input line 900.

(/usr/share/texmf/tex/generic/pgf/systemlayer/pgfsys-pdftex.def
File: pgfsys-pdftex.def 2009/05/22  (rcs-revision 1.26)

(/usr/share/texmf/tex/generic/pgf/systemlayer/pgfsys-common-pdf.def
File: pgfsys-common-pdf.def 2008/05/19  (rcs-revision 1.10)
)))
(/usr/share/texmf/tex/generic/pgf/systemlayer/pgfsyssoftpath.code.tex
File: pgfsyssoftpath.code.tex 2008/07/18  (rcs-revision 1.7)
\pgfsyssoftpath@smallbuffer@items=\count139
\pgfsyssoftpath@bigbuffer@items=\count140
)
(/usr/share/texmf/tex/generic/pgf/systemlayer/pgfsysprotocol.code.tex
File: pgfsysprotocol.code.tex 2006/10/16  (rcs-revision 1.4)
))
(/usr/share/texmf/tex/latex/xcolor/xcolor.sty
Package: xcolor 2007/01/21 v2.11 LaTeX color extensions (UK)

(/usr/share/texlive/texmf-dist/tex/latex/latexconfig/color.cfg
File: color.cfg 2007/01/18 v1.5 color configuration of teTeX/TeXLive
)
Package xcolor Info: Driver file: pdftex.def on input line 225.
Package xcolor Info: Model `cmy' substituted by `cmy0' on input line 1337.
Package xcolor Info: Model `hsb' substituted by `rgb' on input line 1341.
Package xcolor Info: Model `RGB' extended on input line 1353.
Package xcolor Info: Model `HTML' substituted by `rgb' on input line 1355.
Package xcolor Info: Model `Hsb' substituted by `hsb' on input line 1356.
Package xcolor Info: Model `tHsb' substituted by `hsb' on input line 1357.
Package xcolor Info: Model `HSB' substituted by `hsb' on input line 1358.
Package xcolor Info: Model `Gray' substituted by `gray' on input line 1359.
Package xcolor Info: Model `wave' substituted by `hsb' on input line 1360.
)
(/usr/share/texmf/tex/generic/pgf/basiclayer/pgfcore.code.tex
Package: pgfcore 2010/04/11 v2.10 (rcs-revision 1.7)

(/usr/share/texmf/tex/generic/pgf/math/pgfmath.code.tex
(/usr/share/texmf/tex/generic/pgf/math/pgfmathcalc.code.tex
(/usr/share/texmf/tex/generic/pgf/math/pgfmathutil.code.tex)
(/usr/share/texmf/tex/generic/pgf/math/pgfmathparser.code.tex
\pgfmath@dimen=\dimen152
\pgfmath@count=\count141
\pgfmath@box=\box40
\pgfmath@toks=\toks35
\pgfmath@stack@operand=\toks36
\pgfmath@stack@operation=\toks37
)
(/usr/share/texmf/tex/generic/pgf/math/pgfmathfunctions.code.tex
(/usr/share/texmf/tex/generic/pgf/math/pgfmathfunctions.basic.code.tex)
(/usr/share/texmf/tex/generic/pgf/math/pgfmathfunctions.trigonometric.code.tex)
(/usr/share/texmf/tex/generic/pgf/math/pgfmathfunctions.random.code.tex)
(/usr/share/texmf/tex/generic/pgf/math/pgfmathfunctions.comparison.code.tex)
(/usr/share/texmf/tex/generic/pgf/math/pgfmathfunctions.base.code.tex)
(/usr/share/texmf/tex/generic/pgf/math/pgfmathfunctions.round.code.tex)
(/usr/share/texmf/tex/generic/pgf/math/pgfmathfunctions.misc.code.tex)))
(/usr/share/texmf/tex/generic/pgf/math/pgfmathfloat.code.tex
\c@pgfmathroundto@lastzeros=\count142
))
(/usr/share/texmf/tex/generic/pgf/basiclayer/pgfcorepoints.code.tex
File: pgfcorepoints.code.tex 2010/04/09  (rcs-revision 1.20)
\pgf@picminx=\dimen153
\pgf@picmaxx=\dimen154
\pgf@picminy=\dimen155
\pgf@picmaxy=\dimen156
\pgf@pathminx=\dimen157
\pgf@pathmaxx=\dimen158
\pgf@pathminy=\dimen159
\pgf@pathmaxy=\dimen160
\pgf@xx=\dimen161
\pgf@xy=\dimen162
\pgf@yx=\dimen163
\pgf@yy=\dimen164
\pgf@zx=\dimen165
\pgf@zy=\dimen166
)
(/usr/share/texmf/tex/generic/pgf/basiclayer/pgfcorepathconstruct.code.tex
File: pgfcorepathconstruct.code.tex 2010/08/03  (rcs-revision 1.24)
\pgf@path@lastx=\dimen167
\pgf@path@lasty=\dimen168
)
(/usr/share/texmf/tex/generic/pgf/basiclayer/pgfcorepathusage.code.tex
File: pgfcorepathusage.code.tex 2008/04/22  (rcs-revision 1.12)
\pgf@shorten@end@additional=\dimen169
\pgf@shorten@start@additional=\dimen170
)
(/usr/share/texmf/tex/generic/pgf/basiclayer/pgfcorescopes.code.tex
File: pgfcorescopes.code.tex 2010/09/08  (rcs-revision 1.34)
\pgfpic=\box41
\pgf@hbox=\box42
\pgf@layerbox@main=\box43
\pgf@picture@serial@count=\count143
)
(/usr/share/texmf/tex/generic/pgf/basiclayer/pgfcoregraphicstate.code.tex
File: pgfcoregraphicstate.code.tex 2008/04/22  (rcs-revision 1.9)
\pgflinewidth=\dimen171
)
(/usr/share/texmf/tex/generic/pgf/basiclayer/pgfcoretransformations.code.tex
File: pgfcoretransformations.code.tex 2009/06/10  (rcs-revision 1.11)
\pgf@pt@x=\dimen172
\pgf@pt@y=\dimen173
\pgf@pt@temp=\dimen174
)
(/usr/share/texmf/tex/generic/pgf/basiclayer/pgfcorequick.code.tex
File: pgfcorequick.code.tex 2008/10/09  (rcs-revision 1.3)
)
(/usr/share/texmf/tex/generic/pgf/basiclayer/pgfcoreobjects.code.tex
File: pgfcoreobjects.code.tex 2006/10/11  (rcs-revision 1.2)
)
(/usr/share/texmf/tex/generic/pgf/basiclayer/pgfcorepathprocessing.code.tex
File: pgfcorepathprocessing.code.tex 2008/10/09  (rcs-revision 1.8)
)
(/usr/share/texmf/tex/generic/pgf/basiclayer/pgfcorearrows.code.tex
File: pgfcorearrows.code.tex 2008/04/23  (rcs-revision 1.11)
)
(/usr/share/texmf/tex/generic/pgf/basiclayer/pgfcoreshade.code.tex
File: pgfcoreshade.code.tex 2008/11/23  (rcs-revision 1.13)
\pgf@max=\dimen175
\pgf@sys@shading@range@num=\count144
)
(/usr/share/texmf/tex/generic/pgf/basiclayer/pgfcoreimage.code.tex
File: pgfcoreimage.code.tex 2010/03/25  (rcs-revision 1.16)

(/usr/share/texmf/tex/generic/pgf/basiclayer/pgfcoreexternal.code.tex
File: pgfcoreexternal.code.tex 2010/09/01  (rcs-revision 1.17)
\pgfexternal@startupbox=\box44
))
(/usr/share/texmf/tex/generic/pgf/basiclayer/pgfcorelayers.code.tex
File: pgfcorelayers.code.tex 2010/08/27  (rcs-revision 1.2)
)
(/usr/share/texmf/tex/generic/pgf/basiclayer/pgfcoretransparency.code.tex
File: pgfcoretransparency.code.tex 2008/01/17  (rcs-revision 1.2)
)
(/usr/share/texmf/tex/generic/pgf/basiclayer/pgfcorepatterns.code.tex
File: pgfcorepatterns.code.tex 2009/07/02  (rcs-revision 1.3)
)))
(/usr/share/texmf/tex/generic/pgf/modules/pgfmoduleshapes.code.tex
File: pgfmoduleshapes.code.tex 2010/09/09  (rcs-revision 1.13)
\pgfnodeparttextbox=\box45
)
(/usr/share/texmf/tex/generic/pgf/modules/pgfmoduleplot.code.tex
File: pgfmoduleplot.code.tex 2010/10/22  (rcs-revision 1.8)
)
(/usr/share/texmf/tex/latex/pgf/compatibility/pgfcomp-version-0-65.sty
Package: pgfcomp-version-0-65 2007/07/03 v2.10 (rcs-revision 1.7)
\pgf@nodesepstart=\dimen176
\pgf@nodesepend=\dimen177
)
(/usr/share/texmf/tex/latex/pgf/compatibility/pgfcomp-version-1-18.sty
Package: pgfcomp-version-1-18 2007/07/23 v2.10 (rcs-revision 1.1)
))
(/usr/share/texmf/tex/latex/pgf/utilities/pgffor.sty
(/usr/share/texmf/tex/latex/pgf/utilities/pgfkeys.sty
(/usr/share/texmf/tex/generic/pgf/utilities/pgfkeys.code.tex))
(/usr/share/texmf/tex/generic/pgf/utilities/pgffor.code.tex
Package: pgffor 2010/03/23 v2.10 (rcs-revision 1.18)
\pgffor@iter=\dimen178
\pgffor@skip=\dimen179
\pgffor@stack=\toks38
\pgffor@toks=\toks39
))
(/usr/share/texmf/tex/generic/pgf/frontendlayer/tikz/tikz.code.tex
Package: tikz 2010/10/13 v2.10 (rcs-revision 1.76)

(/usr/share/texmf/tex/generic/pgf/libraries/pgflibraryplothandlers.code.tex
File: pgflibraryplothandlers.code.tex 2010/05/31 v2.10 (rcs-revision 1.15)
\pgf@plot@mark@count=\count145
\pgfplotmarksize=\dimen180
)
\tikz@lastx=\dimen181
\tikz@lasty=\dimen182
\tikz@lastxsaved=\dimen183
\tikz@lastysaved=\dimen184
\tikzleveldistance=\dimen185
\tikzsiblingdistance=\dimen186
\tikz@figbox=\box46
\tikz@tempbox=\box47
\tikztreelevel=\count146
\tikznumberofchildren=\count147
\tikznumberofcurrentchild=\count148
\tikz@fig@count=\count149

(/usr/share/texmf/tex/generic/pgf/modules/pgfmodulematrix.code.tex
File: pgfmodulematrix.code.tex 2010/08/24  (rcs-revision 1.4)
\pgfmatrixcurrentrow=\count150
\pgfmatrixcurrentcolumn=\count151
\pgf@matrix@numberofcolumns=\count152
)
\tikz@expandcount=\count153

(/usr/share/texmf/tex/generic/pgf/frontendlayer/tikz/libraries/tikzlibrarytopat
hs.code.tex
File: tikzlibrarytopaths.code.tex 2008/06/17 v2.10 (rcs-revision 1.2)
))) (/home/cahern/texmf/tex/latex/tikz-qtree/pgftree.sty
(/home/cahern/texmf/tex/latex/tikz-qtree/pgfsubpic.sty
(/home/cahern/texmf/tex/latex/tikz-qtree/pgfsubpic.tex
\pgf@subpicminx=\dimen187
\pgf@subpicminy=\dimen188
\pgf@subpicmaxx=\dimen189
\pgf@subpicmaxy=\dimen190
))
(/home/cahern/texmf/tex/latex/tikz-qtree/pgftree.tex
\levelsep=\dimen191
\subtreesep=\dimen192
\smuggle@levelsep=\dimen193
\smuggle@subtreesep=\dimen194
\this@levelsep=\dimen195
\this@subtreesep=\dimen196
\pgftree@childx=\dimen197
\pgftree@savechildx=\dimen198
\pgftree@childy=\dimen199
\pgftree@savechildy=\dimen200
\pgftree@childi=\count154
\pgftree@savechildi=\count155
\pgftree@level=\count156
\pgftree@depth=\dimen201
\pgf@subpic@hbox@children=\box48
\pgf@subpic@minx@children=\dimen202
\pgf@subpic@miny@children=\dimen203
\pgf@subpic@maxx@children=\dimen204
\pgf@subpic@maxy@children=\dimen205
\pgftree@lastchildx=\dimen206
\pgftree@lastchildy=\dimen207
))
(/home/cahern/texmf/tex/latex/tikz-qtree/tikz-qtree.tex
\@result=\toks40
\child@list=\toks41
\root@node=\toks42
))
(/usr/share/texmf/tex/generic/pgf/frontendlayer/tikz/libraries/tikzlibraryarrow
s.code.tex
File: tikzlibraryarrows.code.tex 2008/01/09 v2.10 (rcs-revision 1.1)

(/usr/share/texmf/tex/generic/pgf/libraries/pgflibraryarrows.code.tex
File: pgflibraryarrows.code.tex 2008/10/27 v2.10 (rcs-revision 1.9)
\arrowsize=\dimen208
))
(/usr/share/texmf/tex/generic/pgf/frontendlayer/tikz/libraries/tikzlibraryautom
ata.code.tex
File: tikzlibraryautomata.code.tex 2008/07/14 v2.10 (rcs-revision 1.3)

(/usr/share/texmf/tex/generic/pgf/frontendlayer/tikz/libraries/tikzlibraryshape
s.multipart.code.tex
File: tikzlibraryshapes.multipart.code.tex 2008/01/09 v2.10 (rcs-revision 1.1)

(/usr/share/texmf/tex/generic/pgf/libraries/shapes/pgflibraryshapes.multipart.c
ode.tex
File: pgflibraryshapes.multipart.code.tex 2010/01/07 v2.10 (rcs-revision 1.2)
\pgfnodepartlowerbox=\box49
\pgfnodeparttwobox=\box50
\pgfnodepartthreebox=\box51
\pgfnodepartfourbox=\box52
\pgfnodeparttwentybox=\box53
\pgfnodepartnineteenbox=\box54
\pgfnodeparteighteenbox=\box55
\pgfnodepartseventeenbox=\box56
\pgfnodepartsixteenbox=\box57
\pgfnodepartfifteenbox=\box58
\pgfnodepartfourteenbox=\box59
\pgfnodepartthirteenbox=\box60
\pgfnodeparttwelvebox=\box61
\pgfnodepartelevenbox=\box62
\pgfnodeparttenbox=\box63
\pgfnodepartninebox=\box64
\pgfnodeparteightbox=\box65
\pgfnodepartsevenbox=\box66
\pgfnodepartsixbox=\box67
\pgfnodepartfivebox=\box68
)))
(/usr/share/texmf/tex/generic/pgf/frontendlayer/tikz/libraries/tikzlibrarychain
s.code.tex
File: tikzlibrarychains.code.tex 2008/02/27 v2.10 (rcs-revision 1.5)

(/usr/share/texmf/tex/generic/pgf/frontendlayer/tikz/libraries/tikzlibraryposit
ioning.code.tex
File: tikzlibrarypositioning.code.tex 2008/10/06 v2.10 (rcs-revision 1.7)
))
(/usr/share/texmf/tex/generic/pgf/frontendlayer/tikz/libraries/tikzlibrarymatri
x.code.tex
File: tikzlibrarymatrix.code.tex 2008/06/18 v2.10 (rcs-revision 1.2)
)
(/usr/share/texmf/tex/generic/pgf/frontendlayer/tikz/libraries/tikzlibraryscope
s.code.tex
File: tikzlibraryscopes.code.tex 2008/06/27 v2.10 (rcs-revision 1.2)
) (/usr/share/texlive/texmf-dist/tex/generic/ulem/ulem.sty
\UL@box=\box69
\UL@hyphenbox=\box70
\UL@skip=\skip91
\UL@hook=\toks43
\UL@height=\dimen209
\UL@pe=\count157
\UL@pixel=\dimen210
\ULC@box=\box71
Package: ulem 2012/05/18
\ULdepth=\dimen211
)
(/usr/share/texlive/texmf-dist/tex/latex/pdfpages/pdfpages.sty
Package: pdfpages 2013/08/25 v0.4v Insert pages of external PDF documents (AM)

(/usr/share/texlive/texmf-dist/tex/latex/tools/calc.sty
Package: calc 2007/08/22 v4.3 Infix arithmetic (KKT,FJ)
\calc@Acount=\count158
\calc@Bcount=\count159
\calc@Adimen=\dimen212
\calc@Bdimen=\dimen213
\calc@Askip=\skip92
\calc@Bskip=\skip93
LaTeX Info: Redefining \setlength on input line 76.
LaTeX Info: Redefining \addtolength on input line 77.
\calc@Ccount=\count160
\calc@Cskip=\skip94
)
(/usr/share/texlive/texmf-dist/tex/latex/eso-pic/eso-pic.sty
Package: eso-pic 2013/10/06 v2.0d eso-pic (RN)

(/usr/share/texlive/texmf-dist/tex/generic/oberdiek/atbegshi.sty
Package: atbegshi 2011/10/05 v1.16 At begin shipout hook (HO)

(/usr/share/texlive/texmf-dist/tex/generic/oberdiek/ifpdf.sty
Package: ifpdf 2011/01/30 v2.3 Provides the ifpdf switch (HO)
Package ifpdf Info: pdfTeX in PDF mode is detected.
)))
(/usr/share/texlive/texmf-dist/tex/latex/pdfpages/pppdftex.def
File: pppdftex.def 2013/08/25 v0.4v Pdfpages driver for pdfTeX (AM)
)
\AM@pagebox=\box72
\AM@toc@title=\toks44
\c@AM@survey=\count161
\AM@templatesizebox=\box73
)
(/usr/share/texlive/texmf-dist/tex/latex/epigraph/epigraph.sty
Package: epigraph 2009/09/02 v1.5c typesetting epigraphs
\beforeepigraphskip=\skip95
\afterepigraphskip=\skip96
\epigraphwidth=\skip97
\epigraphrule=\skip98
)
(/usr/share/texlive/texmf-dist/tex/latex/hyperref/hyperref.sty
Package: hyperref 2012/11/06 v6.83m Hypertext links for LaTeX

(/usr/share/texlive/texmf-dist/tex/generic/oberdiek/hobsub-hyperref.sty
Package: hobsub-hyperref 2012/05/28 v1.13 Bundle oberdiek, subset hyperref (HO)


(/usr/share/texlive/texmf-dist/tex/generic/oberdiek/hobsub-generic.sty
Package: hobsub-generic 2012/05/28 v1.13 Bundle oberdiek, subset generic (HO)
Package: hobsub 2012/05/28 v1.13 Construct package bundles (HO)
Package hobsub Info: Skipping package `infwarerr' (already loaded).
Package hobsub Info: Skipping package `ltxcmds' (already loaded).
Package: ifluatex 2010/03/01 v1.3 Provides the ifluatex switch (HO)
Package ifluatex Info: LuaTeX not detected.
Package: ifvtex 2010/03/01 v1.5 Detect VTeX and its facilities (HO)
Package ifvtex Info: VTeX not detected.
Package: intcalc 2007/09/27 v1.1 Expandable calculations with integers (HO)
Package hobsub Info: Skipping package `ifpdf' (already loaded).
Package: etexcmds 2011/02/16 v1.5 Avoid name clashes with e-TeX commands (HO)
Package etexcmds Info: Could not find \expanded.
(etexcmds)             That can mean that you are not using pdfTeX 1.50 or
(etexcmds)             that some package has redefined \expanded.
(etexcmds)             In the latter case, load this package earlier.
Package: kvsetkeys 2012/04/25 v1.16 Key value parser (HO)
Package: kvdefinekeys 2011/04/07 v1.3 Define keys (HO)
Package: pdftexcmds 2011/11/29 v0.20 Utility functions of pdfTeX for LuaTeX (HO
)
Package pdftexcmds Info: LuaTeX not detected.
Package pdftexcmds Info: \pdf@primitive is available.
Package pdftexcmds Info: \pdf@ifprimitive is available.
Package pdftexcmds Info: \pdfdraftmode found.
Package: pdfescape 2011/11/25 v1.13 Implements pdfTeX's escape features (HO)
Package: bigintcalc 2012/04/08 v1.3 Expandable calculations on big integers (HO
)
Package: bitset 2011/01/30 v1.1 Handle bit-vector datatype (HO)
Package: uniquecounter 2011/01/30 v1.2 Provide unlimited unique counter (HO)
)
Package hobsub Info: Skipping package `hobsub' (already loaded).
Package: letltxmacro 2010/09/02 v1.4 Let assignment for LaTeX macros (HO)
Package: hopatch 2012/05/28 v1.2 Wrapper for package hooks (HO)
Package: xcolor-patch 2011/01/30 xcolor patch
Package: atveryend 2011/06/30 v1.8 Hooks at the very end of document (HO)
Package atveryend Info: \enddocument detected (standard20110627).
Package hobsub Info: Skipping package `atbegshi' (already loaded).
Package: refcount 2011/10/16 v3.4 Data extraction from label references (HO)
Package: hycolor 2011/01/30 v1.7 Color options for hyperref/bookmark (HO)
)
(/usr/share/texlive/texmf-dist/tex/generic/ifxetex/ifxetex.sty
Package: ifxetex 2010/09/12 v0.6 Provides ifxetex conditional
)
(/usr/share/texlive/texmf-dist/tex/latex/oberdiek/auxhook.sty
Package: auxhook 2011/03/04 v1.3 Hooks for auxiliary files (HO)
)
(/usr/share/texlive/texmf-dist/tex/latex/oberdiek/kvoptions.sty
Package: kvoptions 2011/06/30 v3.11 Key value format for package options (HO)
)
\@linkdim=\dimen214
\Hy@linkcounter=\count162
\Hy@pagecounter=\count163

(/usr/share/texlive/texmf-dist/tex/latex/hyperref/pd1enc.def
File: pd1enc.def 2012/11/06 v6.83m Hyperref: PDFDocEncoding definition (HO)
)
\Hy@SavedSpaceFactor=\count164

(/usr/share/texlive/texmf-dist/tex/latex/latexconfig/hyperref.cfg
File: hyperref.cfg 2002/06/06 v1.2 hyperref configuration of TeXLive
)
Package hyperref Info: Hyper figures OFF on input line 4443.
Package hyperref Info: Link nesting OFF on input line 4448.
Package hyperref Info: Hyper index ON on input line 4451.
Package hyperref Info: Plain pages OFF on input line 4458.
Package hyperref Info: Backreferencing OFF on input line 4463.
Package hyperref Info: Implicit mode ON; LaTeX internals redefined.
Package hyperref Info: Bookmarks ON on input line 4688.
\c@Hy@tempcnt=\count165

(/usr/share/texlive/texmf-dist/tex/latex/url/url.sty
\Urlmuskip=\muskip11
Package: url 2013/09/16  ver 3.4  Verb mode for urls, etc.
)
LaTeX Info: Redefining \url on input line 5041.
\XeTeXLinkMargin=\dimen215
\Fld@menulength=\count166
\Field@Width=\dimen216
\Fld@charsize=\dimen217
Package hyperref Info: Hyper figures OFF on input line 6295.
Package hyperref Info: Link nesting OFF on input line 6300.
Package hyperref Info: Hyper index ON on input line 6303.
Package hyperref Info: backreferencing OFF on input line 6310.
Package hyperref Info: Link coloring OFF on input line 6315.
Package hyperref Info: Link coloring with OCG OFF on input line 6320.
Package hyperref Info: PDF/A mode OFF on input line 6325.
LaTeX Info: Redefining \ref on input line 6365.
LaTeX Info: Redefining \pageref on input line 6369.
\Hy@abspage=\count167
\c@Item=\count168
\c@Hfootnote=\count169
)

Package hyperref Message: Driver (autodetected): hpdftex.

(/usr/share/texlive/texmf-dist/tex/latex/hyperref/hpdftex.def
File: hpdftex.def 2012/11/06 v6.83m Hyperref driver for pdfTeX
\Fld@listcount=\count170
\c@bookmark@seq@number=\count171

(/usr/share/texlive/texmf-dist/tex/latex/oberdiek/rerunfilecheck.sty
Package: rerunfilecheck 2011/04/15 v1.7 Rerun checks for auxiliary files (HO)
Package uniquecounter Info: New unique counter `rerunfilecheck' on input line 2
82.
)
\Hy@SectionHShift=\skip99
)
(/home/cahern/texmf/tex/latex/stmaryrd/stmaryrd.sty
Package: stmaryrd 1994/03/03 St Mary's Road symbol package
\symstmry=\mathgroup6
LaTeX Font Info:    Overwriting symbol font `stmry' in version `bold'
(Font)                  U/stmry/m/n --> U/stmry/b/n on input line 89.
) (./Ahern-Dissertation.aux
(./Acknow.aux) (./Abstract.aux) (./chapter1.aux) (./chapter2.aux)
(./chapter3.aux) (./chapter4.aux) (./chapter5.aux) (./chapter6.aux

LaTeX Warning: Label `neg-three-plot' multiply defined.

) (./chapter7.aux))
\openout1 = `Ahern-Dissertation.aux'.

LaTeX Font Info:    Checking defaults for OML/cmm/m/it on input line 119.
LaTeX Font Info:    ... okay on input line 119.
LaTeX Font Info:    Checking defaults for T1/cmr/m/n on input line 119.
LaTeX Font Info:    ... okay on input line 119.
LaTeX Font Info:    Checking defaults for OT1/cmr/m/n on input line 119.
LaTeX Font Info:    ... okay on input line 119.
LaTeX Font Info:    Checking defaults for OMS/cmsy/m/n on input line 119.
LaTeX Font Info:    ... okay on input line 119.
LaTeX Font Info:    Checking defaults for OMX/cmex/m/n on input line 119.
LaTeX Font Info:    ... okay on input line 119.
LaTeX Font Info:    Checking defaults for U/cmr/m/n on input line 119.
LaTeX Font Info:    ... okay on input line 119.
LaTeX Font Info:    Checking defaults for LGR/cmr/m/n on input line 119.
LaTeX Font Info:    Try loading font information for LGR+cmr on input line 119.


(/usr/share/texlive/texmf-dist/tex/latex/cbfonts-fd/lgrcmr.fd
File: lgrcmr.fd 2013/09/01 v1.0 Greek European Computer Regular
)
LaTeX Font Info:    ... okay on input line 119.
LaTeX Font Info:    Checking defaults for PD1/pdf/m/n on input line 119.
LaTeX Font Info:    ... okay on input line 119.
LaTeX Font Info:    Try loading font information for OT1+ptm on input line 119.


(/usr/share/texlive/texmf-dist/tex/latex/psnfss/ot1ptm.fd
File: ot1ptm.fd 2001/06/04 font definitions for OT1/ptm.
)
(/usr/share/texlive/texmf-dist/tex/context/base/supp-pdf.mkii
[Loading MPS to PDF converter (version 2006.09.02).]
\scratchcounter=\count172
\scratchdimen=\dimen218
\scratchbox=\box74
\nofMPsegments=\count173
\nofMParguments=\count174
\everyMPshowfont=\toks45
\MPscratchCnt=\count175
\MPscratchDim=\dimen219
\MPnumerator=\count176
\makeMPintoPDFobject=\count177
\everyMPtoPDFconversion=\toks46
) (/usr/share/texlive/texmf-dist/tex/latex/oberdiek/epstopdf-base.sty
Package: epstopdf-base 2010/02/09 v2.5 Base part for package epstopdf

(/usr/share/texlive/texmf-dist/tex/latex/oberdiek/grfext.sty
Package: grfext 2010/08/19 v1.1 Manage graphics extensions (HO)
)
Package grfext Info: Graphics extension search list:
(grfext)             [.png,.pdf,.jpg,.mps,.jpeg,.jbig2,.jb2,.PNG,.PDF,.JPG,.JPE
G,.JBIG2,.JB2,.eps]
(grfext)             \AppendGraphicsExtensions on input line 452.

(/usr/share/texlive/texmf-dist/tex/latex/latexconfig/epstopdf-sys.cfg
File: epstopdf-sys.cfg 2010/07/13 v1.3 Configuration of (r)epstopdf for TeX Liv
e
))
Package caption Info: Begin \AtBeginDocument code.
Package caption Info: End \AtBeginDocument code.

ABD: EveryShipout initializing macros
\AtBeginShipoutBox=\box75
Package hyperref Info: Link coloring OFF on input line 119.

(/usr/share/texlive/texmf-dist/tex/latex/hyperref/nameref.sty
Package: nameref 2012/10/27 v2.43 Cross-referencing by name of section

(/usr/share/texlive/texmf-dist/tex/generic/oberdiek/gettitlestring.sty
Package: gettitlestring 2010/12/03 v1.4 Cleanup title references (HO)
)
\c@section@level=\count178
)
LaTeX Info: Redefining \ref on input line 119.
LaTeX Info: Redefining \pageref on input line 119.
LaTeX Info: Redefining \nameref on input line 119.

(./Ahern-Dissertation.out) (./Ahern-Dissertation.out)
\@outlinefile=\write4
\openout4 = `Ahern-Dissertation.out'.

 [1

{/home/cahern/.texmf-var/fonts/map/pdftex/updmap/pdftex.map}] [2]
LaTeX Font Info:    Try loading font information for LGR+ptm on input line 124.

LaTeX Font Info:    No file LGRptm.fd. on input line 124.


LaTeX Font Warning: Font shape `LGR/ptm/m/n' undefined
(Font)              using `LGR/cmr/m/n' instead on input line 124.


Underfull \hbox (badness 10000) in paragraph at lines 124--124

 []

[3]
LaTeX Font Info:    Font shape `OT1/ptm/bx/n' in size <24.88> not available
(Font)              Font shape `OT1/ptm/b/n' tried instead on input line 124.
\openout2 = `Acknow.aux'.


No file Acknow.tex.
[4

]
LaTeX Font Info:    Font shape `OT1/ptm/bx/n' in size <14.4> not available
(Font)              Font shape `OT1/ptm/b/n' tried instead on input line 124.
\openout2 = `Abstract.aux'.

 (./Abstract.tex) [5

] [6] (./Ahern-Dissertation.toc
LaTeX Font Info:    Font shape `OT1/ptm/bx/n' in size <12> not available
(Font)              Font shape `OT1/ptm/b/n' tried instead on input line 2.
LaTeX Font Info:    External font `cmex7' loaded for size
(Font)              <6> on input line 10.
LaTeX Font Info:    Try loading font information for U+msa on input line 10.

(/usr/share/texlive/texmf-dist/tex/latex/amsfonts/umsa.fd
File: umsa.fd 2013/01/14 v3.01 AMS symbols A
)
LaTeX Font Info:    Try loading font information for U+msb on input line 10.

(/usr/share/texlive/texmf-dist/tex/latex/amsfonts/umsb.fd
File: umsb.fd 2013/01/14 v3.01 AMS symbols B
)
LaTeX Font Info:    Try loading font information for U+stmry on input line 10.

(/home/cahern/texmf/tex/latex/stmaryrd/Ustmry.fd) [7


] [8])
\tf@toc=\write5
\openout5 = `Ahern-Dissertation.toc'.

 [9]
(./Ahern-Dissertation.lof [1

] [2])
\tf@lof=\write6
\openout6 = `Ahern-Dissertation.lof'.

 [3] (./Ahern-Dissertation.lot)
\tf@lot=\write7
\openout7 = `Ahern-Dissertation.lot'.

 [4

] [5

]
\openout2 = `chapter1.aux'.


(./chapter1.tex
Chapter 1.
[6


] <left.jpg, id=457, 70.76437pt x 96.36pt>
File: left.jpg Graphic file (type jpg)
 <use left.jpg>
Package pdftex.def Info: left.jpg used on input line 92.
(pdftex.def)             Requested size: 65.04034pt x 88.57285pt.

<right.jpg, id=458, 71.51718pt x 91.84312pt>
File: right.jpg Graphic file (type jpg)
 <use right.jpg>
Package pdftex.def Info: right.jpg used on input line 93.
(pdftex.def)             Requested size: 43.36464pt x 55.68927pt.
 [7 <./left.jpg> <./right.jpg>]
File: left.jpg Graphic file (type jpg)
 <use left.jpg>
Package pdftex.def Info: left.jpg used on input line 113.
(pdftex.def)             Requested size: 65.04034pt x 88.57285pt.
File: right.jpg Graphic file (type jpg)
 <use right.jpg>
Package pdftex.def Info: right.jpg used on input line 114.
(pdftex.def)             Requested size: 65.04034pt x 83.5269pt.
 [8] [9]) [10]
\openout2 = `chapter2.aux'.

 (./chapter2.tex
Chapter 2.
LaTeX Font Info:    External font `cmex7' loaded for size
(Font)              <7> on input line 7.
LaTeX Font Info:    External font `cmex7' loaded for size
(Font)              <5> on input line 7.
[11



] [12]
LaTeX Font Info:    Font shape `OT1/ptm/bx/n' in size <17.28> not available
(Font)              Font shape `OT1/ptm/b/n' tried instead on input line 29.
 [13] [14] [15] [16] [17] [18] [19] [20] [21] [22] [23]
Missing character: There is no à in font ptmr7t!
Missing character: There is no ù in font ptmr7t!
Missing character: There is no ’ in font ptmr7t!
Missing character: There is no ’ in font ptmr7t!
Missing character: There is no é in font ptmr7t!
Missing character: There is no é in font ptmr7t!
Missing character: There is no é in font ptmr7t!
Missing character: There is no à in font ptmr7t!
Missing character: There is no é in font ptmr7t!
Missing character: There is no ù in font ptmr7t!
Missing character: There is no é in font ptmr7t!
Missing character: There is no é in font ptmr7t!
Missing character: There is no — in font ptmr7t!
Missing character: There is no é in font ptmr7t!
Missing character: There is no é in font ptmr7t!
Missing character: There is no — in font ptmr7t!
Missing character: There is no è in font ptmr7t!
Missing character: There is no à in font ptmr7t!
Missing character: There is no é in font ptmr7t!
Missing character: There is no à in font ptmr7t!
Missing character: There is no é in font ptmr7t!
 [24]
Missing character: There is no é in font ptmr7t!
Missing character: There is no ’ in font ptmr7t!
Missing character: There is no é in font ptmr7t!
Missing character: There is no é in font ptmr7t!
Missing character: There is no ’ in font ptmr7t!
Missing character: There is no ’ in font ptmr7t!
 [25]
[26] [27] [28] [29]
Missing character: There is no ’ in font ptmr7t!
 [30] [31] [32] [33] [34] [35]) [36] [37


]
\openout2 = `chapter3.aux'.

 (./chapter3.tex
Chapter 3.
[38


] [39]
Missing character: There is no ’ in font ptmr7t!
 [40] [41] [42] [43] [44] [45] [46] [47]
LaTeX Font Info:    Try loading font information for OMS+ptm on input line 168.


(/usr/share/texlive/texmf-dist/tex/latex/psnfss/omsptm.fd
File: omsptm.fd 
)
LaTeX Font Info:    Font shape `OMS/ptm/m/n' in size <12> not available
(Font)              Font shape `OMS/cmsy/m/n' tried instead on input line 168.
 [48] [49] [50]
[51] [52] [53] [54] [55] [56] [57] [58] [59]
<skyrms-plot.pdf, id=1088, 433.62pt x 289.08pt>
File: skyrms-plot.pdf Graphic file (type pdf)
 <use skyrms-plot.pdf>
Package pdftex.def Info: skyrms-plot.pdf used on input line 419.
(pdftex.def)             Requested size: 433.61894pt x 289.07928pt.
 [60 <./skyrms-plot.pdf>] [61] [62] [63] [64] [65] [66] [67]
<common-interests.pdf, id=1178, 433.62pt x 289.08pt>
File: common-interests.pdf Graphic file (type pdf)

<use common-interests.pdf>
Package pdftex.def Info: common-interests.pdf used on input line 882.
(pdftex.def)             Requested size: 433.61894pt x 289.07928pt.
 [68]
<conflicting-interests.pdf, id=1186, 433.62pt x 289.08pt>
File: conflicting-interests.pdf Graphic file (type pdf)

<use conflicting-interests.pdf>
Package pdftex.def Info: conflicting-interests.pdf used on input line 919.
(pdftex.def)             Requested size: 433.61894pt x 289.07928pt.
 [69 <./common-interests.pdf>] [70 <./conflicting-interests.pdf>] <conflicting-
interests-KL.pdf, id=1236, 433.62pt x 289.08pt>
File: conflicting-interests-KL.pdf Graphic file (type pdf)

<use conflicting-interests-KL.pdf>
Package pdftex.def Info: conflicting-interests-KL.pdf used on input line 932.
(pdftex.def)             Requested size: 433.61894pt x 289.07928pt.
) [71] [72 <./conflicting-interests-KL.pdf>]
\openout2 = `chapter4.aux'.


(./chapter4.tex
Chapter 4.
[73



]
Overfull \hbox (7.97276pt too wide) in paragraph at lines 24--25
[]\OT1/ptm/m/n/12 The sec-ond con-tri-bu-tion of this chap-ter is that the mode
l we present of-fers an information-
 []

[74] [75]
! Undefined control sequence.
<argument> \textipa 
                    {D}o
l.53 
     
The control sequence at the end of the top line
of your error message was never \def'ed. If you have
misspelled it (e.g., `\hobx'), type `I' and the correct
spelling (e.g., `I\hbox'). Otherwise just continue,
and I'll forget about whatever was undefined.

! Undefined control sequence.
<argument> \textipa 
                    {D}e
l.53 
     
The control sequence at the end of the top line
of your error message was never \def'ed. If you have
misspelled it (e.g., `\hobx'), type `I' and the correct
spelling (e.g., `I\hbox'). Otherwise just continue,
and I'll forget about whatever was undefined.

! Undefined control sequence.
<argument> swinke\textipa 
                          {D}
l.53 
     
The control sequence at the end of the top line
of your error message was never \def'ed. If you have
misspelled it (e.g., `\hobx'), type `I' and the correct
spelling (e.g., `I\hbox'). Otherwise just continue,
and I'll forget about whatever was undefined.

! Undefined control sequence.
<argument> \textipa 
                    {D}essere
l.53 
     
The control sequence at the end of the top line
of your error message was never \def'ed. If you have
misspelled it (e.g., `\hobx'), type `I' and the correct
spelling (e.g., `I\hbox'). Otherwise just continue,
and I'll forget about whatever was undefined.

! Undefined control sequence.
<argument> swinke\textipa 
                          {D}
l.53 
     
The control sequence at the end of the top line
of your error message was never \def'ed. If you have
misspelled it (e.g., `\hobx'), type `I' and the correct
spelling (e.g., `I\hbox'). Otherwise just continue,
and I'll forget about whatever was undefined.

! Undefined control sequence.
<argument> \textipa 
                    {D}e
l.53 
     
The control sequence at the end of the top line
of your error message was never \def'ed. If you have
misspelled it (e.g., `\hobx'), type `I' and the correct
spelling (e.g., `I\hbox'). Otherwise just continue,
and I'll forget about whatever was undefined.

! Undefined control sequence.
<argument> habbe\textipa 
                         {D},
l.53 
     
The control sequence at the end of the top line
of your error message was never \def'ed. If you have
misspelled it (e.g., `\hobx'), type `I' and the correct
spelling (e.g., `I\hbox'). Otherwise just continue,
and I'll forget about whatever was undefined.

! Undefined control sequence.
<argument> \textipa 
                    {D}e
l.53 
     
The control sequence at the end of the top line
of your error message was never \def'ed. If you have
misspelled it (e.g., `\hobx'), type `I' and the correct
spelling (e.g., `I\hbox'). Otherwise just continue,
and I'll forget about whatever was undefined.

! Undefined control sequence.
<argument> beswink\textipa 
                           {D}
l.53 
     
The control sequence at the end of the top line
of your error message was never \def'ed. If you have
misspelled it (e.g., `\hobx'), type `I' and the correct
spelling (e.g., `I\hbox'). Otherwise just continue,
and I'll forget about whatever was undefined.

! Undefined control sequence.
<argument> \textipa 
                    {D}o
l.53 
     
The control sequence at the end of the top line
of your error message was never \def'ed. If you have
misspelled it (e.g., `\hobx'), type `I' and the correct
spelling (e.g., `I\hbox'). Otherwise just continue,
and I'll forget about whatever was undefined.

! Undefined control sequence.
<argument> \textipa 
                    {D}e
l.53 
     
The control sequence at the end of the top line
of your error message was never \def'ed. If you have
misspelled it (e.g., `\hobx'), type `I' and the correct
spelling (e.g., `I\hbox'). Otherwise just continue,
and I'll forget about whatever was undefined.

! Undefined control sequence.
<argument> swinke\textipa 
                          {D}
l.53 
     
The control sequence at the end of the top line
of your error message was never \def'ed. If you have
misspelled it (e.g., `\hobx'), type `I' and the correct
spelling (e.g., `I\hbox'). Otherwise just continue,
and I'll forget about whatever was undefined.

! Undefined control sequence.
<argument> \textipa 
                    {D}essere
l.53 
     
The control sequence at the end of the top line
of your error message was never \def'ed. If you have
misspelled it (e.g., `\hobx'), type `I' and the correct
spelling (e.g., `I\hbox'). Otherwise just continue,
and I'll forget about whatever was undefined.

! Undefined control sequence.
<argument> bie\textipa 
                       {D}
l.53 
     
The control sequence at the end of the top line
of your error message was never \def'ed. If you have
misspelled it (e.g., `\hobx'), type `I' and the correct
spelling (e.g., `I\hbox'). Otherwise just continue,
and I'll forget about whatever was undefined.

[76]
Underfull \hbox (badness 10000) in paragraph at lines 59--59

 []

! Undefined control sequence.
<argument> haue\textipa 
                        {D}
l.65 
     
The control sequence at the end of the top line
of your error message was never \def'ed. If you have
misspelled it (e.g., `\hobx'), type `I' and the correct
spelling (e.g., `I\hbox'). Otherwise just continue,
and I'll forget about whatever was undefined.

! Undefined control sequence.
<argument> \textipa 
                    {D}at
l.65 
     
The control sequence at the end of the top line
of your error message was never \def'ed. If you have
misspelled it (e.g., `\hobx'), type `I' and the correct
spelling (e.g., `I\hbox'). Otherwise just continue,
and I'll forget about whatever was undefined.

! Undefined control sequence.
<argument> do\textipa 
                      {D}
l.65 
     
The control sequence at the end of the top line
of your error message was never \def'ed. If you have
misspelled it (e.g., `\hobx'), type `I' and the correct
spelling (e.g., `I\hbox'). Otherwise just continue,
and I'll forget about whatever was undefined.

! Undefined control sequence.
<argument> do\textipa 
                      {D}
l.65 
     
The control sequence at the end of the top line
of your error message was never \def'ed. If you have
misspelled it (e.g., `\hobx'), type `I' and the correct
spelling (e.g., `I\hbox'). Otherwise just continue,
and I'll forget about whatever was undefined.

[77]
Underfull \hbox (badness 10000) in paragraph at lines 65--65

 []

[78] [79] [80] [81] [82] [83] [84] [85] [86] [87] [88] [89]
<beta-distribution.png, id=1465, 433.62pt x 289.08pt>
File: beta-distribution.png Graphic file (type png)

<use beta-distribution.png>
Package pdftex.def Info: beta-distribution.png used on input line 247.
(pdftex.def)             Requested size: 325.215pt x 216.81828pt.
 [90] [91 <./beta-distribution.png>]
<sol2-beta.png, id=1502, 433.62pt x 289.08pt>
File: sol2-beta.png Graphic file (type png)
 <use sol2-beta.png>
Package pdftex.def Info: sol2-beta.png used on input line 284.
(pdftex.def)             Requested size: 325.215pt x 216.81828pt.
 [92] [93 <./sol2-beta.png>] [94] [95]
Package epstopdf Info: Source file: <replicator-multiple-b.eps>
(epstopdf)                    date: 2015-11-13 02:29:22
(epstopdf)                    size: 36661 bytes
(epstopdf)             Output file: <replicator-multiple-b-eps-converted-to.pdf
>
(epstopdf)                    date: 2015-11-22 21:29:43
(epstopdf)                    size: 19165 bytes
(epstopdf)             Command: <repstopdf --outfile=replicator-multiple-b-eps-
converted-to.pdf replicator-multiple-b.eps>
(epstopdf)             \includegraphics on input line 334.
Package epstopdf Info: Output file is already uptodate.

<replicator-multiple-b-eps-converted-to.pdf, id=1541, 433.62pt x 289.08pt>
File: replicator-multiple-b-eps-converted-to.pdf Graphic file (type pdf)

<use replicator-multiple-b-eps-converted-to.pdf>
Package pdftex.def Info: replicator-multiple-b-eps-converted-to.pdf used on inp
ut line 334.
(pdftex.def)             Requested size: 325.215pt x 216.81828pt.
 [96] [97 <./replicator-multiple-b-eps-converted-to.pdf>] <neg-year-lines.pdf, 
id=1583, 794.97pt x 614.295pt>
File: neg-year-lines.pdf Graphic file (type pdf)

<use neg-year-lines.pdf>
Package pdftex.def Info: neg-year-lines.pdf used on input line 350.
(pdftex.def)             Requested size: 325.215pt x 251.30954pt.
 [98 <./neg-year-lines.pdf>]
<lump-plot1.pdf, id=1599, 794.97pt x 614.295pt>
File: lump-plot1.pdf Graphic file (type pdf)
 <use lump-plot1.pdf>
Package pdftex.def Info: lump-plot1.pdf used on input line 362.
(pdftex.def)             Requested size: 325.215pt x 251.30954pt.
 [99]
[100 <./lump-plot1.pdf>]
Package epstopdf Info: Source file: <m2_sol.eps>
(epstopdf)                    date: 2015-11-13 03:15:59
(epstopdf)                    size: 31742 bytes
(epstopdf)             Output file: <m2_sol-eps-converted-to.pdf>
(epstopdf)                    date: 2015-11-22 21:29:44
(epstopdf)                    size: 23015 bytes
(epstopdf)             Command: <repstopdf --outfile=m2_sol-eps-converted-to.pd
f m2_sol.eps>
(epstopdf)             \includegraphics on input line 381.
Package epstopdf Info: Output file is already uptodate.

<m2_sol-eps-converted-to.pdf, id=1620, 433.62pt x 289.08pt>
File: m2_sol-eps-converted-to.pdf Graphic file (type pdf)

<use m2_sol-eps-converted-to.pdf>
Package pdftex.def Info: m2_sol-eps-converted-to.pdf used on input line 381.
(pdftex.def)             Requested size: 325.215pt x 216.81828pt.
 [101]
<p_t_m2_rd.png, id=1627, 433.62pt x 289.08pt>
File: p_t_m2_rd.png Graphic file (type png)
 <use p_t_m2_rd.png>
Package pdftex.def Info: p_t_m2_rd.png used on input line 391.
(pdftex.def)             Requested size: 325.215pt x 216.81828pt.
 [102 <./m2_sol-eps-converted-to.pdf>]
Package epstopdf Info: Source file: <push_chain.eps>
(epstopdf)                    date: 2015-11-13 03:31:23
(epstopdf)                    size: 24364 bytes
(epstopdf)             Output file: <push_chain-eps-converted-to.pdf>
(epstopdf)                    date: 2015-11-22 21:29:44
(epstopdf)                    size: 11875 bytes
(epstopdf)             Command: <repstopdf --outfile=push_chain-eps-converted-t
o.pdf push_chain.eps>
(epstopdf)             \includegraphics on input line 400.
Package epstopdf Info: Output file is already uptodate.

<push_chain-eps-converted-to.pdf, id=1672, 433.62pt x 289.08pt>
File: push_chain-eps-converted-to.pdf Graphic file (type pdf)

<use push_chain-eps-converted-to.pdf>
Package pdftex.def Info: push_chain-eps-converted-to.pdf used on input line 400
.
(pdftex.def)             Requested size: 433.62pt x 289.09251pt.
 [103 <./p_t_m2_rd.png>] [104 <./push_chain-eps-converted-to.pdf>] [105] [106])
 [107] [108] [109


]
\openout2 = `chapter5.aux'.

 (./chapter5.tex
Chapter 5.
[110


] [111] [112] [113] [114] [115]
<lrp-learning.png, id=1829, 433.62pt x 289.08pt>
File: lrp-learning.png Graphic file (type png)
 <use lrp-learning.png>
Package pdftex.def Info: lrp-learning.png used on input line 91.
(pdftex.def)             Requested size: 325.215pt x 216.81828pt.

[116 <./lrp-learning.png>] <lrp-dist.png, id=1854, 433.62pt x 289.08pt>
File: lrp-dist.png Graphic file (type png)

<use lrp-dist.png>
Package pdftex.def Info: lrp-dist.png used on input line 119.
(pdftex.def)             Requested size: 325.215pt x 216.81828pt.
 [117] [118 <./lrp-dist.png>] [119]
Package epstopdf Info: Source file: <lrp-gain.eps>
(epstopdf)                    date: 2015-11-13 15:13:55
(epstopdf)                    size: 27949 bytes
(epstopdf)             Output file: <lrp-gain-eps-converted-to.pdf>
(epstopdf)                    date: 2015-11-22 21:34:30
(epstopdf)                    size: 17803 bytes
(epstopdf)             Command: <repstopdf --outfile=lrp-gain-eps-converted-to.
pdf lrp-gain.eps>
(epstopdf)             \includegraphics on input line 153.
Package epstopdf Info: Output file is already uptodate.

<lrp-gain-eps-converted-to.pdf, id=1876, 433.62pt x 289.08pt>
File: lrp-gain-eps-converted-to.pdf Graphic file (type pdf)

<use lrp-gain-eps-converted-to.pdf>
Package pdftex.def Info: lrp-gain-eps-converted-to.pdf used on input line 153.
(pdftex.def)             Requested size: 325.215pt x 216.81828pt.
 [120]
<lrp-log.png, id=1891, 433.62pt x 289.08pt>
File: lrp-log.png Graphic file (type png)
 <use lrp-log.png>
Package pdftex.def Info: lrp-log.png used on input line 169.
(pdftex.def)             Requested size: 325.215pt x 216.81828pt.
 [121 <./lrp-gain-eps-converted-to.pdf>] [122 <./lrp-log.png>] [123] [124] [125
] [126] [127]
[128]
Package epstopdf Info: Source file: <lrp-first.eps>
(epstopdf)                    date: 2015-11-08 19:45:46
(epstopdf)                    size: 23066 bytes
(epstopdf)             Output file: <lrp-first-eps-converted-to.pdf>
(epstopdf)                    date: 2015-11-22 21:34:33
(epstopdf)                    size: 14288 bytes
(epstopdf)             Command: <repstopdf --outfile=lrp-first-eps-converted-to
.pdf lrp-first.eps>
(epstopdf)             \includegraphics on input line 383.
Package epstopdf Info: Output file is already uptodate.
 <lrp-first-eps-converted-to.pdf, id=2062, 433.62pt x 289.08pt>
File: lrp-first-eps-converted-to.pdf Graphic file (type pdf)

<use lrp-first-eps-converted-to.pdf>
Package pdftex.def Info: lrp-first-eps-converted-to.pdf used on input line 383.

(pdftex.def)             Requested size: 325.215pt x 216.81828pt.
 [129]
Package epstopdf Info: Source file: <lrp-second.eps>
(epstopdf)                    date: 2015-11-08 19:59:33
(epstopdf)                    size: 22721 bytes
(epstopdf)             Output file: <lrp-second-eps-converted-to.pdf>
(epstopdf)                    date: 2015-11-22 21:34:34
(epstopdf)                    size: 12794 bytes
(epstopdf)             Command: <repstopdf --outfile=lrp-second-eps-converted-t
o.pdf lrp-second.eps>
(epstopdf)             \includegraphics on input line 393.
Package epstopdf Info: Output file is already uptodate.

<lrp-second-eps-converted-to.pdf, id=2070, 433.62pt x 289.08pt>
File: lrp-second-eps-converted-to.pdf Graphic file (type pdf)

<use lrp-second-eps-converted-to.pdf>
Package pdftex.def Info: lrp-second-eps-converted-to.pdf used on input line 393
.
(pdftex.def)             Requested size: 325.215pt x 216.81828pt.
 [130 <./lrp-first-eps-converted-to.pdf>]
[131 <./lrp-second-eps-converted-to.pdf>]
Package epstopdf Info: Source file: <lrp-combined.eps>
(epstopdf)                    date: 2015-11-08 20:01:39
(epstopdf)                    size: 22531 bytes
(epstopdf)             Output file: <lrp-combined-eps-converted-to.pdf>
(epstopdf)                    date: 2015-11-22 21:34:34
(epstopdf)                    size: 12527 bytes
(epstopdf)             Command: <repstopdf --outfile=lrp-combined-eps-converted
-to.pdf lrp-combined.eps>
(epstopdf)             \includegraphics on input line 409.
Package epstopdf Info: Output file is already uptodate.

<lrp-combined-eps-converted-to.pdf, id=2140, 433.62pt x 289.08pt>
File: lrp-combined-eps-converted-to.pdf Graphic file (type pdf)

<use lrp-combined-eps-converted-to.pdf>
Package pdftex.def Info: lrp-combined-eps-converted-to.pdf used on input line 4
09.
(pdftex.def)             Requested size: 325.215pt x 216.81828pt.
 [132 <./lrp-combined-eps-converted-to.pdf>]) [133] [134]
\openout2 = `chapter6.aux'.

 (./chapter6.tex
Chapter 6.
[135



] [136] [137] [138] [139] [140]
<drift-selection.png, id=2226, 433.62pt x 289.08pt>
File: drift-selection.png Graphic file (type png)
 <use drift-selection.png>
Package pdftex.def Info: drift-selection.png used on input line 84.
(pdftex.def)             Requested size: 433.62pt x 289.09251pt.

<selection-drift.png, id=2227, 433.62pt x 289.08pt>
File: selection-drift.png Graphic file (type png)
 <use selection-drift.png>
Package pdftex.def Info: selection-drift.png used on input line 93.
(pdftex.def)             Requested size: 433.62pt x 289.09251pt.

[141 <./drift-selection.png>] [142 <./selection-drift.png>] [143] [144]
File: neg-year-lines.pdf Graphic file (type pdf)

<use neg-year-lines.pdf>
Package pdftex.def Info: neg-year-lines.pdf used on input line 127.
(pdftex.def)             Requested size: 325.215pt x 251.30954pt.
File: lump-plot1.pdf Graphic file (type pdf)
 <use lump-plot1.pdf>
Package pdftex.def Info: lump-plot1.pdf used on input line 134.
(pdftex.def)             Requested size: 325.215pt x 251.30954pt.

<lump-plot2.pdf, id=2276, 794.97pt x 614.295pt>
File: lump-plot2.pdf Graphic file (type pdf)
 <use lump-plot2.pdf>
Package pdftex.def Info: lump-plot2.pdf used on input line 141.
(pdftex.def)             Requested size: 325.215pt x 251.30954pt.
 [145]
[146] [147 <./lump-plot2.pdf>]
LaTeX Font Info:    Try loading font information for OT1+pcr on input line 152.


(/usr/share/texlive/texmf-dist/tex/latex/psnfss/ot1pcr.fd
File: ot1pcr.fd 2001/06/04 font definitions for OT1/pcr.
) [148] [149] [150]
[151]) [152]
\openout2 = `chapter7.aux'.

 (./chapter7.tex
Chapter 7.
[153



]) [154] [155]
Appendix A.
[156


]
Appendix B.
(./Ahern-Dissertation.bbl [157

] [158

] [159] [160] [161] [162] [163] [164]
[165]
Missing character: There is no ‚ in font ptmr7t!
Missing character: There is no Ä in font ptmr7t!
Missing character: There is no ô in font ptmr7t!
 [166] [167] [168] [169] [170]
Missing character: There is no ‚ in font ptmr7t!
Missing character: There is no Ä in font ptmr7t!
Missing character: There is no ô in font ptmr7t!
 [171])
Package atveryend Info: Empty hook `BeforeClearDocument' on input line 1533.
 [172]
Package atveryend Info: Empty hook `AfterLastShipout' on input line 1533.
 (./Ahern-Dissertation.aux
(./Acknow.aux) (./Abstract.aux) (./chapter1.aux) (./chapter2.aux)
(./chapter3.aux) (./chapter4.aux) (./chapter5.aux) (./chapter6.aux)
(./chapter7.aux))
Package atveryend Info: Executing hook `AtVeryEndDocument' on input line 1533.
Package atveryend Info: Executing hook `AtEndAfterFileList' on input line 1533.

Package rerunfilecheck Info: File `Ahern-Dissertation.out' has not changed.
(rerunfilecheck)             Checksum: 119B99CC7C7069C001DDE47A1653E38A;2707.


LaTeX Font Warning: Some font shapes were not available, defaults substituted.


LaTeX Warning: There were multiply-defined labels.

Package atveryend Info: Empty hook `AtVeryVeryEnd' on input line 1533.
 ) 
Here is how much of TeX's memory you used:
 23324 strings out of 494909
 408265 string characters out of 6178797
 524822 words of memory out of 5000000
 25385 multiletter control sequences out of 15000+600000
 43398 words of font info for 100 fonts, out of 8000000 for 9000
 81 hyphenation exceptions out of 8191
 63i,16n,64p,2230b,1349s stack positions out of 5000i,500n,10000p,200000b,80000s
{/usr/share/texlive/texmf-dist/fonts/enc/dvips/base/8r.enc} </home/cahern/.te
xmf-var/fonts/pk/ljfour/public/cbfonts/grmn1200.600pk></usr/share/texlive/texmf
-dist/fonts/type1/public/amsfonts/cm/cmbx12.pfb></usr/share/texlive/texmf-dist/
fonts/type1/public/amsfonts/cm/cmbx8.pfb></usr/share/texlive/texmf-dist/fonts/t
ype1/public/amsfonts/cm/cmex10.pfb></usr/share/texlive/texmf-dist/fonts/type1/p
ublic/amsfonts/cm/cmmi10.pfb></usr/share/texlive/texmf-dist/fonts/type1/public/
amsfonts/cm/cmmi12.pfb></usr/share/texlive/texmf-dist/fonts/type1/public/amsfon
ts/cm/cmmi6.pfb></usr/share/texlive/texmf-dist/fonts/type1/public/amsfonts/cm/c
mmi7.pfb></usr/share/texlive/texmf-dist/fonts/type1/public/amsfonts/cm/cmmi8.pf
b></usr/share/texlive/texmf-dist/fonts/type1/public/amsfonts/cm/cmr10.pfb></usr
/share/texlive/texmf-dist/fonts/type1/public/amsfonts/cm/cmr12.pfb></usr/share/
texlive/texmf-dist/fonts/type1/public/amsfonts/cm/cmr5.pfb></usr/share/texlive/
texmf-dist/fonts/type1/public/amsfonts/cm/cmr6.pfb></usr/share/texlive/texmf-di
st/fonts/type1/public/amsfonts/cm/cmr7.pfb></usr/share/texlive/texmf-dist/fonts
/type1/public/amsfonts/cm/cmr8.pfb></usr/share/texlive/texmf-dist/fonts/type1/p
ublic/amsfonts/cm/cmsy10.pfb></usr/share/texlive/texmf-dist/fonts/type1/public/
amsfonts/cm/cmsy8.pfb></usr/share/texlive/texmf-dist/fonts/type1/public/amsfont
s/symbols/msbm10.pfb></usr/share/texlive/texmf-dist/fonts/type1/urw/courier/ucr
r8a.pfb></usr/share/texlive/texmf-dist/fonts/type1/urw/times/utmb8a.pfb></usr/s
hare/texlive/texmf-dist/fonts/type1/urw/times/utmr8a.pfb></usr/share/texlive/te
xmf-dist/fonts/type1/urw/times/utmri8a.pfb>
Output written on Ahern-Dissertation.pdf (181 pages, 2767227 bytes).
PDF statistics:
 2663 PDF objects out of 2984 (max. 8388607)
 2194 compressed objects within 22 object streams
 596 named destinations out of 1000 (max. 500000)
 509 words of extra memory for PDF output out of 10000 (max. 10000000)

