\BOOKMARK [0][-]{chapter*.1}{Acknowledgements}{}% 1
\BOOKMARK [0][-]{chapter*.1}{Abstract}{}% 2
\BOOKMARK [0][-]{chapter*.2}{Contents}{}% 3
\BOOKMARK [0][-]{chapter*.3}{List of Figures}{}% 4
\BOOKMARK [0][-]{chapter*.4}{List of Tables}{}% 5
\BOOKMARK [-1][-]{part.1}{I Introduction}{}% 6
\BOOKMARK [0][-]{chapter.1}{Introduction}{part.1}% 7
\BOOKMARK [0][-]{chapter.2}{Jespersen's Cycles}{part.1}% 8
\BOOKMARK [1][-]{section.2.1}{The Formal Cycle}{chapter.2}% 9
\BOOKMARK [1][-]{section.2.2}{The Functional Cycle}{chapter.2}% 10
\BOOKMARK [1][-]{section.2.3}{Causes of the cycles}{chapter.2}% 11
\BOOKMARK [2][-]{subsection.2.3.1}{Pull-Chain}{section.2.3}% 12
\BOOKMARK [2][-]{subsection.2.3.2}{Push-chain}{section.2.3}% 13
\BOOKMARK [1][-]{section.2.4}{Explanations}{chapter.2}% 14
\BOOKMARK [-1][-]{part.2}{II Cycles}{}% 15
\BOOKMARK [0][-]{chapter.3}{Evolutionary Game Theory}{part.2}% 16
\BOOKMARK [1][-]{section.3.1}{Games}{chapter.3}% 17
\BOOKMARK [1][-]{section.3.2}{Equilibria}{chapter.3}% 18
\BOOKMARK [2][-]{subsection.3.2.1}{Nash Equilbria}{section.3.2}% 19
\BOOKMARK [2][-]{subsection.3.2.2}{Evolutionarily Stable Strategies}{section.3.2}% 20
\BOOKMARK [1][-]{section.3.3}{Dynamics}{chapter.3}% 21
\BOOKMARK [1][-]{section.3.4}{Signaling}{chapter.3}% 22
\BOOKMARK [1][-]{section.3.5}{Behavioral dynamics}{chapter.3}% 23
\BOOKMARK [2][-]{subsection.3.5.1}{The Simplest Signaling Game}{section.3.5}% 24
\BOOKMARK [2][-]{subsection.3.5.2}{Common Interests}{section.3.5}% 25
\BOOKMARK [2][-]{subsection.3.5.3}{Conflicting Interests}{section.3.5}% 26
\BOOKMARK [0][-]{chapter.4}{Cycles}{part.2}% 27
\BOOKMARK [1][-]{section.4.1}{Emphasis}{chapter.4}% 28
\BOOKMARK [1][-]{section.4.2}{Experimental evidence}{chapter.4}% 29
\BOOKMARK [1][-]{section.4.3}{Signaling}{chapter.4}% 30
\BOOKMARK [1][-]{section.4.4}{Equilibria}{chapter.4}% 31
\BOOKMARK [1][-]{section.4.5}{Dynamics}{chapter.4}% 32
\BOOKMARK [1][-]{section.4.6}{Modeling}{chapter.4}% 33
\BOOKMARK [-1][-]{part.3}{III Stability}{}% 34
\BOOKMARK [0][-]{chapter.5}{Stability}{part.3}% 35
\BOOKMARK [1][-]{section.5.1}{Acquisition}{chapter.5}% 36
\BOOKMARK [1][-]{section.5.2}{Dynamics}{chapter.5}% 37
\BOOKMARK [1][-]{section.5.3}{Syntactic Structure}{chapter.5}% 38
\BOOKMARK [1][-]{section.5.4}{Modeling}{chapter.5}% 39
\BOOKMARK [0][-]{chapter.6}{Chance}{part.3}% 40
\BOOKMARK [1][-]{section.6.1}{Drift}{chapter.6}% 41
\BOOKMARK [1][-]{section.6.2}{Dynamics}{chapter.6}% 42
\BOOKMARK [1][-]{section.6.3}{Modeling}{chapter.6}% 43
\BOOKMARK [0][-]{chapter.7}{Conclusion}{part.3}% 44
\BOOKMARK [0][-]{appendix.A}{Equilibria}{part.3}% 45
\BOOKMARK [0][-]{appendix.B}{Dynamics}{part.3}% 46
\BOOKMARK [0][-]{appendix*.10}{Bibliography}{part.3}% 47
